2023-09-22T05:05:25.130Z [32minfo[39m: Starting your application...
2023-09-22T05:05:47.024Z [32minfo[39m: Starting your application...
2023-09-22T05:06:59.871Z [32minfo[39m: User retrieved by ID successfully
2023-09-22T05:07:10.728Z [32minfo[39m: Starting your application...
2023-09-22T05:12:02.767Z [32minfo[39m: User retrieved by ID successfully
2023-09-22T05:13:39.000Z [32minfo[39m: Starting your application...
2023-09-22T05:13:45.683Z [32minfo[39m: Starting your application...
2023-09-22T05:20:07.461Z [32minfo[39m: Starting your application...
2023-09-22T05:21:02.087Z [32minfo[39m: Starting your application...
2023-09-22T05:21:24.501Z [32minfo[39m: Starting your application...
2023-09-22T05:23:14.118Z [32minfo[39m: Starting your application...
2023-09-22T05:23:27.086Z [32minfo[39m: Starting your application...
2023-09-22T05:23:28.643Z [32minfo[39m: User retrieved by ID successfully
2023-09-22T05:24:11.794Z [32minfo[39m: Starting your application...
2023-09-22T05:24:38.614Z [32minfo[39m: Starting your application...
2023-09-22T05:24:52.329Z [32minfo[39m: Starting your application...
2023-09-22T05:24:53.330Z [32minfo[39m: User retrieved by ID successfully
2023-09-22T05:25:09.073Z [32minfo[39m: Starting your application...
2023-09-22T05:25:10.202Z [32minfo[39m: User retrieved by ID successfully
2023-09-22T05:25:32.746Z [32minfo[39m: Starting your application...
2023-09-22T05:25:33.377Z [32minfo[39m: User retrieved by ID successfully
2023-09-22T05:25:42.209Z [32minfo[39m: Starting your application...
2023-09-22T05:25:42.941Z [32minfo[39m: User retrieved by ID successfully
2023-09-22T05:26:03.217Z [32minfo[39m: Starting your application...
2023-09-22T05:26:03.896Z [32minfo[39m: User retrieved by ID successfully
2023-09-22T05:26:13.679Z [32minfo[39m: Starting your application...
2023-09-22T05:26:37.585Z [32minfo[39m: Starting your application...
2023-09-22T05:27:06.557Z [32minfo[39m: Starting your application...
2023-09-22T05:27:18.727Z [32minfo[39m: Starting your application...
2023-09-22T05:27:38.220Z [32minfo[39m: Starting your application...
2023-09-22T05:27:40.229Z [32minfo[39m: User retrieved by ID successfully
2023-09-22T05:28:14.104Z [32minfo[39m: Starting your application...
2023-09-22T05:28:14.738Z [32minfo[39m: User retrieved by ID successfully
2023-09-22T05:28:25.609Z [32minfo[39m: Starting your application...
2023-09-22T05:48:16.656Z [32minfo[39m: Starting your application...
2023-09-22T05:48:20.265Z [31merror[39m: Error getting user by ID: ER_PARSE_ERROR: You have an error in your SQL syntax; check the manual that corresponds to your MySQL server version for the right syntax to use near '.username,
        u.firstname,
        u.lastname,
        u.email,
        u.p' at line 3
2023-09-22T05:48:31.676Z [32minfo[39m: Starting your application...
2023-09-22T05:48:32.470Z [32minfo[39m: User retrieved by ID successfully
2023-09-22T05:49:14.025Z [32minfo[39m: Starting your application...
2023-09-22T06:04:22.420Z [32minfo[39m: Starting your application...
2023-09-25T05:18:19.967Z [32minfo[39m: Starting your application...
2023-09-25T05:25:11.178Z [32minfo[39m: Starting your application...
2023-09-28T05:38:49.847Z [32minfo[39m: Starting your application...
2023-09-28T05:39:45.424Z [32minfo[39m: Starting your application...
2023-09-28T05:53:34.511Z [32minfo[39m: Starting your application...
2023-09-28T05:54:26.408Z [32minfo[39m: Starting your application...
2023-09-28T05:55:07.791Z [32minfo[39m: Starting your application...
2023-09-28T05:55:51.860Z [32minfo[39m: Starting your application...
2023-09-28T05:56:12.359Z [32minfo[39m: Starting your application...
2023-09-28T05:56:46.262Z [32minfo[39m: Starting your application...
2023-09-28T05:57:02.970Z [32minfo[39m: Starting your application...
2023-09-28T05:57:19.394Z [32minfo[39m: Starting your application...
2023-09-28T05:57:36.978Z [32minfo[39m: Starting your application...
2023-09-28T05:57:43.186Z [32minfo[39m: Starting your application...
2023-09-28T05:58:20.899Z [32minfo[39m: Starting your application...
2023-09-28T05:59:52.109Z [31merror[39m: Error registering university: ER_NO_DEFAULT_FOR_FIELD: Field 'id' doesn't have a default value
2023-09-28T06:00:37.744Z [31merror[39m: Error registering university: ER_NO_DEFAULT_FOR_FIELD: Field 'id' doesn't have a default value
2023-09-28T06:01:51.002Z [32minfo[39m: Starting your application...
2023-09-28T06:01:55.308Z [31merror[39m: Error registering university: ER_NO_DEFAULT_FOR_FIELD: Field 'id' doesn't have a default value
2023-09-28T06:03:14.610Z [32minfo[39m: Starting your application...
2023-09-28T06:03:15.272Z [31merror[39m: Error registering university: ER_NO_DEFAULT_FOR_FIELD: Field 'id' doesn't have a default value
2023-09-28T06:03:38.732Z [32minfo[39m: Starting your application...
2023-09-28T06:04:54.130Z [32minfo[39m: Starting your application...
2023-09-28T06:04:57.798Z [31merror[39m: Error registering university: ER_NO_DEFAULT_FOR_FIELD: Field 'id' doesn't have a default value
2023-09-28T06:06:44.531Z [32minfo[39m: Starting your application...
2023-09-28T06:06:48.195Z [31merror[39m: Error registering university: ER_NO_DEFAULT_FOR_FIELD: Field 'id' doesn't have a default value
2023-09-28T06:09:50.661Z [31merror[39m: Error registering university: ER_NO_DEFAULT_FOR_FIELD: Field 'id' doesn't have a default value
2023-09-28T06:10:19.857Z [31merror[39m: Error registering university: ER_NO_DEFAULT_FOR_FIELD: Field 'id' doesn't have a default value
2023-09-28T06:11:13.115Z [32minfo[39m: Starting your application...
2023-09-28T06:11:24.712Z [31merror[39m: Error registering university: db.queryAsync is not a function
2023-09-28T06:11:52.058Z [32minfo[39m: Starting your application...
2023-09-28T06:12:04.994Z [32minfo[39m: University registered successfully
2023-09-28T06:14:26.045Z [32minfo[39m: Starting your application...
2023-09-28T06:14:32.753Z [32minfo[39m: University registered successfully
2023-09-28T06:16:01.277Z [32minfo[39m: Starting your application...
2023-09-28T06:16:10.098Z [32minfo[39m: University registered successfully
2023-09-28T06:17:35.695Z [32minfo[39m: Starting your application...
2023-09-28T06:17:50.261Z [32minfo[39m: University registered successfully
2023-09-28T06:22:10.218Z [32minfo[39m: Starting your application...
2023-09-28T06:22:18.832Z [31merror[39m: Missing or null values in university data
2023-09-28T06:24:05.367Z [31merror[39m: Missing or null values in university data
2023-09-28T06:24:37.352Z [32minfo[39m: Starting your application...
2023-09-28T06:26:37.404Z [32minfo[39m: Starting your application...
2023-09-28T06:26:58.288Z [32minfo[39m: University registered successfully
2023-09-28T06:28:05.473Z [32minfo[39m: Starting your application...
2023-09-28T06:28:29.374Z [32minfo[39m: University registered successfully
2023-09-28T06:30:41.993Z [32minfo[39m: Starting your application...
2023-09-28T06:31:00.600Z [32minfo[39m: University registered successfully
2023-09-28T06:32:16.238Z [32minfo[39m: University registered successfully
2023-09-28T06:34:56.256Z [32minfo[39m: Starting your application...
2023-09-28T06:35:07.553Z [32minfo[39m: University registered successfully
2023-09-28T06:36:02.333Z [32minfo[39m: Starting your application...
2023-09-28T06:36:14.278Z [32minfo[39m: University registered successfully
2023-09-28T06:36:58.958Z [32minfo[39m: Starting your application...
2023-09-28T06:37:08.121Z [32minfo[39m: University registered successfully
2023-09-28T06:38:15.216Z [32minfo[39m: Starting your application...
2023-09-28T06:38:39.200Z [32minfo[39m: University registered successfully
2023-09-28T06:39:09.738Z [32minfo[39m: Starting your application...
2023-09-28T06:39:12.800Z [32minfo[39m: University registered successfully
2023-09-28T06:39:49.480Z [32minfo[39m: University registered successfully
2023-09-28T06:46:44.817Z [32minfo[39m: Starting your application...
2023-09-28T06:46:48.473Z [32minfo[39m: University registered successfully
2023-09-28T06:47:06.422Z [32minfo[39m: University registered successfully
2023-09-28T06:48:17.149Z [32minfo[39m: Starting your application...
2023-09-28T06:48:18.336Z [32minfo[39m: University registered successfully
2023-09-28T06:49:56.391Z [32minfo[39m: University registered successfully
2023-09-28T06:52:49.206Z [32minfo[39m: Starting your application...
2023-09-28T06:52:51.753Z [31merror[39m: Error registering university: ER_BAD_FIELD_ERROR: Unknown column 'create_update' in 'field list'
2023-09-28T06:53:07.000Z [32minfo[39m: Starting your application...
2023-09-28T06:53:07.392Z [31merror[39m: Error registering university: ER_BAD_FIELD_ERROR: Unknown column 'create_update' in 'field list'
2023-09-28T06:53:33.947Z [32minfo[39m: Starting your application...
2023-09-28T06:53:37.724Z [31merror[39m: Error registering university: ER_WRONG_VALUE_COUNT_ON_ROW: Column count doesn't match value count at row 1
2023-09-28T06:54:09.411Z [32minfo[39m: Starting your application...
2023-09-28T06:54:44.413Z [32minfo[39m: Starting your application...
2023-09-28T06:54:44.725Z [31merror[39m: Error registering university: ER_BAD_FIELD_ERROR: Unknown column 'create_update' in 'field list'
2023-09-28T06:57:06.904Z [32minfo[39m: Starting your application...
2023-09-28T06:57:09.482Z [31merror[39m: Error registering university: ER_PARSE_ERROR: You have an error in your SQL syntax; check the manual that corresponds to your MySQL server version for the right syntax to use near '?,?,?)' at line 3
2023-09-28T06:57:26.839Z [32minfo[39m: Starting your application...
2023-09-28T06:57:46.316Z [32minfo[39m: Starting your application...
2023-09-28T06:57:50.884Z [32minfo[39m: University registered successfully
2023-09-28T06:58:02.431Z [32minfo[39m: Starting your application...
2023-09-28T06:58:04.978Z [32minfo[39m: University registered successfully
2023-09-28T06:59:05.444Z [32minfo[39m: Starting your application...
2023-09-28T06:59:06.614Z [32minfo[39m: University registered successfully
2023-09-28T07:00:47.530Z [32minfo[39m: Starting your application...
2023-09-28T07:01:00.386Z [32minfo[39m: Starting your application...
2023-09-28T07:01:24.280Z [32minfo[39m: University registered successfully
2023-09-28T07:02:41.584Z [32minfo[39m: University registered successfully
2023-09-28T07:08:29.667Z [32minfo[39m: Starting your application...
2023-09-28T07:10:58.362Z [32minfo[39m: Starting your application...
2023-09-28T07:13:05.061Z [32minfo[39m: Starting your application...
2023-09-28T07:13:59.574Z [32minfo[39m: Starting your application...
2023-09-28T07:14:34.693Z [32minfo[39m: Starting your application...
2023-09-28T07:15:04.992Z [32minfo[39m: Starting your application...
2023-09-28T07:15:05.330Z [32minfo[39m: University registered successfully
2023-09-28T07:15:40.206Z [32minfo[39m: Starting your application...
2023-09-28T07:15:42.085Z [32minfo[39m: University registered successfully
2023-09-28T07:16:32.994Z [32minfo[39m: University registered successfully
2023-09-28T07:16:42.240Z [32minfo[39m: University registered successfully
2023-09-28T07:16:49.576Z [32minfo[39m: University registered successfully
2023-09-28T07:17:44.194Z [32minfo[39m: Starting your application...
2023-09-28T07:20:08.229Z [32minfo[39m: Starting your application...
2023-09-28T07:22:32.492Z [32minfo[39m: Starting your application...
2023-09-28T07:23:16.769Z [32minfo[39m: Starting your application...
2023-09-28T07:25:44.752Z [32minfo[39m: Starting your application...
2023-09-28T07:25:52.164Z [32minfo[39m: Starting your application...
2023-09-28T07:28:12.237Z [32minfo[39m: Starting your application...
2023-09-28T07:28:37.608Z [32minfo[39m: Starting your application...
2023-09-28T07:30:20.001Z [32minfo[39m: Starting your application...
2023-09-28T07:30:25.171Z [32minfo[39m: Starting your application...
2023-09-28T07:31:27.163Z [32minfo[39m: Starting your application...
2023-09-28T07:34:22.091Z [32minfo[39m: Starting your application...
2023-09-28T07:34:34.983Z [32minfo[39m: Starting your application...
2023-09-28T07:40:17.995Z [32minfo[39m: Starting your application...
2023-09-28T07:40:45.804Z [32minfo[39m: Starting your application...
2023-09-28T07:41:00.185Z [32minfo[39m: Starting your application...
2023-09-28T07:41:44.076Z [32minfo[39m: Starting your application...
2023-09-28T07:42:41.840Z [32minfo[39m: Starting your application...
2023-09-28T07:43:02.591Z [32minfo[39m: Starting your application...
2023-09-28T07:43:49.257Z [32minfo[39m: Starting your application...
2023-09-28T07:44:11.893Z [32minfo[39m: Starting your application...
2023-09-28T07:45:11.005Z [32minfo[39m: Starting your application...
2023-09-28T07:57:37.859Z [32minfo[39m: Starting your application...
2023-09-28T08:58:19.732Z [32minfo[39m: Starting your application...
2023-09-28T08:59:03.130Z [32minfo[39m: Starting your application...
2023-09-28T08:59:07.198Z [32minfo[39m: Starting your application...
2023-09-28T08:59:31.314Z [32minfo[39m: University updated successfully
2023-09-28T09:04:42.802Z [32minfo[39m: Starting your application...
2023-09-28T09:05:04.770Z [31merror[39m: Error updating university: ER_PARSE_ERROR: You have an error in your SQL syntax; check the manual that corresponds to your MySQL server version for the right syntax to use near ''Rayat Bhara' WHERE id = NULL' at line 1
2023-09-28T09:05:49.585Z [32minfo[39m: Starting your application...
2023-09-28T09:21:16.561Z [32minfo[39m: Starting your application...
2023-09-28T09:23:36.317Z [32minfo[39m: Starting your application...
2023-09-28T09:24:32.357Z [32minfo[39m: Starting your application...
2023-09-28T09:25:26.500Z [32minfo[39m: University updated successfully
2023-09-28T09:27:17.597Z [32minfo[39m: Starting your application...
2023-09-28T09:27:27.603Z [32minfo[39m: University updated successfully
2023-09-28T09:28:20.226Z [32minfo[39m: Starting your application...
2023-09-28T09:29:01.451Z [32minfo[39m: Starting your application...
2023-09-28T09:29:26.073Z [32minfo[39m: Starting your application...
2023-09-28T09:34:20.063Z [32minfo[39m: Starting your application...
2023-09-28T09:34:27.405Z [32minfo[39m: University updated successfully
2023-09-28T09:34:58.408Z [32minfo[39m: Starting your application...
2023-09-28T09:35:06.492Z [32minfo[39m: University updated successfully
2023-09-28T09:35:06.497Z [31merror[39m: Error getting university by ID: ER_PARSE_ERROR: You have an error in your SQL syntax; check the manual that corresponds to your MySQL server version for the right syntax to use near ', `university_name` = 'Rayat Bhara', `course_type` = NULL, `founded_year` = NULL' at line 2
2023-09-28T09:35:48.427Z [32minfo[39m: Starting your application...
2023-09-28T09:35:58.660Z [32minfo[39m: University updated successfully
2023-09-28T09:36:29.591Z [32minfo[39m: Starting your application...
2023-09-28T09:36:40.956Z [32minfo[39m: University updated successfully
2023-09-28T09:37:08.976Z [32minfo[39m: Starting your application...
2023-09-28T09:37:14.479Z [32minfo[39m: Starting your application...
2023-09-28T09:37:41.540Z [32minfo[39m: University updated successfully
2023-09-28T09:37:59.538Z [32minfo[39m: Starting your application...
2023-09-28T09:40:37.408Z [32minfo[39m: Starting your application...
2023-09-28T09:40:53.602Z [32minfo[39m: University updated successfully
2023-09-28T09:43:11.803Z [32minfo[39m: Starting your application...
2023-09-28T09:43:50.776Z [32minfo[39m: Starting your application...
2023-09-28T09:45:07.159Z [32minfo[39m: Starting your application...
2023-09-28T09:46:01.288Z [32minfo[39m: Starting your application...
2023-09-28T09:46:46.737Z [32minfo[39m: Starting your application...
2023-09-28T09:47:06.198Z [32minfo[39m: University updated successfully
2023-09-28T09:56:18.426Z [32minfo[39m: University updated successfully
2023-09-28T09:56:21.658Z [32minfo[39m: University updated successfully
2023-09-28T09:56:49.001Z [31merror[39m: Error updating university: WARN_DATA_TRUNCATED: Data truncated for column 'course_type' at row 1
2023-09-28T09:57:14.022Z [32minfo[39m: Starting your application...
2023-09-28T09:57:15.433Z [32minfo[39m: University updated successfully
2023-09-28T10:32:29.204Z [32minfo[39m: Starting your application...
2023-09-28T10:32:44.324Z [32minfo[39m: Starting your application...
2023-09-28T10:32:53.792Z [32minfo[39m: Starting your application...
2023-09-28T10:33:23.851Z [32minfo[39m: Starting your application...
2023-09-28T10:35:35.514Z [32minfo[39m: Starting your application...
2023-09-28T10:36:26.906Z [32minfo[39m: Starting your application...
2023-09-28T10:52:22.688Z [32minfo[39m: Starting your application...
2023-09-28T10:55:05.213Z [32minfo[39m: Starting your application...
2023-09-28T10:56:26.718Z [32minfo[39m: Starting your application...
2023-09-28T10:57:01.909Z [32minfo[39m: Starting your application...
2023-09-28T10:57:19.472Z [32minfo[39m: Starting your application...
2023-09-28T10:57:59.377Z [32minfo[39m: Starting your application...
2023-09-28T11:04:49.868Z [32minfo[39m: Starting your application...
2023-09-28T11:06:32.971Z [32minfo[39m: Starting your application...
2023-09-28T11:16:49.061Z [32minfo[39m: Starting your application...
2023-09-28T11:43:22.596Z [32minfo[39m: Starting your application...
2023-09-28T11:52:09.113Z [32minfo[39m: Starting your application...
2023-09-28T12:10:32.967Z [32minfo[39m: Starting your application...
2023-09-28T12:20:02.280Z [32minfo[39m: Starting your application...
2023-09-28T12:20:24.423Z [32minfo[39m: Starting your application...
2023-09-28T12:21:37.854Z [32minfo[39m: Starting your application...
2023-09-28T12:23:24.667Z [32minfo[39m: Starting your application...
2023-09-28T12:26:31.570Z [32minfo[39m: Starting your application...
2023-09-28T12:30:58.363Z [32minfo[39m: Starting your application...
2023-09-28T12:31:55.273Z [32minfo[39m: Starting your application...
2023-09-28T12:35:21.937Z [32minfo[39m: Starting your application...
2023-09-28T12:41:15.977Z [32minfo[39m: Starting your application...
2023-09-28T12:58:40.583Z [32minfo[39m: Starting your application...
2023-09-28T12:58:42.839Z [32minfo[39m: Starting your application...
2023-09-28T13:02:09.505Z [32minfo[39m: Starting your application...
2023-09-28T13:03:02.602Z [32minfo[39m: Starting your application...
2023-09-28T13:03:32.472Z [32minfo[39m: Starting your application...
2023-09-28T13:05:08.180Z [32minfo[39m: Starting your application...
2023-09-28T13:05:22.764Z [32minfo[39m: Starting your application...
2023-09-28T13:06:47.976Z [32minfo[39m: Starting your application...
2023-09-28T13:10:01.460Z [32minfo[39m: Starting your application...
2023-09-28T13:11:06.134Z [32minfo[39m: Starting your application...
2023-09-28T13:14:50.702Z [32minfo[39m: Starting your application...
2023-09-28T13:15:07.618Z [32minfo[39m: Starting your application...
2023-09-28T13:21:11.396Z [32minfo[39m: Starting your application...
2023-09-28T13:21:28.780Z [32minfo[39m: Starting your application...
2023-09-28T13:22:36.944Z [32minfo[39m: Starting your application...
2023-09-28T13:23:09.313Z [32minfo[39m: Starting your application...
2023-09-28T13:29:40.742Z [32minfo[39m: Starting your application...
2023-09-28T13:30:15.188Z [32minfo[39m: Starting your application...
2023-09-28T13:30:30.694Z [32minfo[39m: Starting your application...
2023-09-28T13:30:40.880Z [32minfo[39m: Starting your application...
2023-09-28T13:32:28.861Z [32minfo[39m: Starting your application...
2023-09-28T13:36:55.741Z [32minfo[39m: Starting your application...
2023-09-28T13:38:04.098Z [32minfo[39m: Starting your application...
2023-09-28T13:38:47.871Z [32minfo[39m: Starting your application...
2023-09-28T13:38:55.533Z [32minfo[39m: Starting your application...
2023-09-28T13:41:17.126Z [32minfo[39m: Starting your application...
2023-09-28T13:43:23.094Z [32minfo[39m: Starting your application...
2023-09-28T13:43:42.130Z [32minfo[39m: Starting your application...
2023-09-28T13:44:13.507Z [32minfo[39m: Starting your application...
2023-09-28T13:49:07.012Z [32minfo[39m: Starting your application...
2023-09-29T05:21:12.557Z [32minfo[39m: Starting your application...
2023-09-29T05:21:45.576Z [32minfo[39m: Starting your application...
2023-09-29T05:22:26.148Z [32minfo[39m: Starting your application...
2023-09-29T05:22:32.827Z [32minfo[39m: Starting your application...
2023-09-29T05:26:40.904Z [32minfo[39m: Starting your application...
2023-09-29T05:28:57.805Z [32minfo[39m: Starting your application...
2023-09-29T05:29:51.041Z [32minfo[39m: Starting your application...
2023-09-29T05:30:06.750Z [32minfo[39m: Starting your application...
2023-09-29T05:30:36.567Z [32minfo[39m: Starting your application...
2023-09-29T05:31:27.388Z [32minfo[39m: Starting your application...
2023-09-29T05:31:43.196Z [32minfo[39m: Starting your application...
2023-09-29T05:35:54.475Z [32minfo[39m: Starting your application...
2023-09-29T05:35:57.834Z [32minfo[39m: Starting your application...
2023-09-29T05:36:28.009Z [32minfo[39m: Starting your application...
2023-09-29T05:38:29.671Z [32minfo[39m: Starting your application...
2023-09-29T05:38:51.453Z [32minfo[39m: Starting your application...
2023-09-29T05:39:13.990Z [32minfo[39m: Starting your application...
2023-09-29T05:39:24.244Z [32minfo[39m: Starting your application...
2023-09-29T05:39:33.124Z [32minfo[39m: Starting your application...
2023-09-29T05:41:06.750Z [32minfo[39m: Starting your application...
2023-09-29T05:43:05.623Z [32minfo[39m: Starting your application...
2023-09-29T05:43:21.497Z [32minfo[39m: Starting your application...
2023-09-29T05:44:03.365Z [32minfo[39m: Starting your application...
2023-09-29T05:44:37.682Z [32minfo[39m: Starting your application...
2023-09-29T05:56:16.184Z [32minfo[39m: Starting your application...
2023-09-29T06:00:15.041Z [32minfo[39m: Starting your application...
2023-09-29T06:00:27.044Z [32minfo[39m: Starting your application...
2023-09-29T06:00:47.689Z [32minfo[39m: Starting your application...
2023-09-29T06:01:30.929Z [32minfo[39m: Starting your application...
2023-09-29T06:01:55.986Z [32minfo[39m: Starting your application...
2023-09-29T06:02:19.336Z [32minfo[39m: Starting your application...
2023-09-29T06:04:05.705Z [32minfo[39m: Starting your application...
2023-09-29T06:07:31.080Z [32minfo[39m: Starting your application...
2023-09-29T06:08:21.443Z [32minfo[39m: Starting your application...
2023-09-29T06:08:47.486Z [32minfo[39m: Starting your application...
2023-09-29T06:09:13.340Z [32minfo[39m: Starting your application...
2023-09-29T06:10:31.771Z [32minfo[39m: Starting your application...
2023-09-29T06:12:05.070Z [32minfo[39m: Starting your application...
2023-09-29T06:13:21.771Z [32minfo[39m: Starting your application...
2023-09-29T06:13:54.718Z [32minfo[39m: Starting your application...
2023-09-29T06:14:16.300Z [32minfo[39m: Starting your application...
2023-09-29T06:15:32.545Z [32minfo[39m: Starting your application...
2023-09-29T06:19:56.671Z [32minfo[39m: Starting your application...
2023-09-29T06:20:26.245Z [32minfo[39m: Starting your application...
2023-09-29T06:25:00.460Z [32minfo[39m: Starting your application...
2023-09-29T06:25:19.426Z [32minfo[39m: Starting your application...
2023-09-29T06:25:51.230Z [32minfo[39m: Starting your application...
2023-09-29T06:33:09.443Z [32minfo[39m: Starting your application...
2023-09-29T06:33:39.990Z [32minfo[39m: Starting your application...
2023-09-29T06:34:08.859Z [32minfo[39m: Starting your application...
2023-09-29T06:35:22.342Z [32minfo[39m: Starting your application...
2023-09-29T06:36:18.813Z [32minfo[39m: Starting your application...
2023-09-29T06:36:39.070Z [32minfo[39m: Starting your application...
2023-09-29T06:37:27.701Z [32minfo[39m: Starting your application...
2023-09-29T06:39:03.337Z [32minfo[39m: Starting your application...
2023-09-29T06:40:15.595Z [32minfo[39m: Starting your application...
2023-09-29T06:40:55.040Z [32minfo[39m: Starting your application...
2023-09-29T06:41:14.285Z [32minfo[39m: Starting your application...
2023-09-29T06:45:15.522Z [32minfo[39m: Starting your application...
2023-09-29T06:45:25.134Z [32minfo[39m: Starting your application...
2023-09-29T06:47:43.989Z [32minfo[39m: Starting your application...
2023-09-29T06:50:22.454Z [32minfo[39m: Starting your application...
2023-09-29T06:50:26.564Z [32minfo[39m: Starting your application...
2023-09-29T06:50:28.580Z [31merror[39m: Error getting all courses with user and university data: ER_NO_SUCH_TABLE: Table 'immigration_database.user_university' doesn't exist
2023-09-29T06:51:30.584Z [32minfo[39m: Starting your application...
2023-09-29T06:51:31.797Z [31merror[39m: Error getting all courses with user and university data: ER_BAD_FIELD_ERROR: Unknown column 'ua.university_id' in 'field list'
2023-09-29T06:51:46.194Z [32minfo[39m: Starting your application...
2023-09-29T06:51:46.724Z [31merror[39m: Error getting all courses with user and university data: ER_BAD_FIELD_ERROR: Unknown column 'ua.university_id' in 'on clause'
2023-09-29T06:53:10.100Z [32minfo[39m: Starting your application...
2023-09-29T06:53:11.643Z [32minfo[39m: All courses with user and university data retrieved successfully
2023-09-29T06:53:43.063Z [32minfo[39m: Starting your application...
2023-09-29T06:53:47.137Z [32minfo[39m: All courses with user and university data retrieved successfully
2023-09-29T06:55:01.548Z [32minfo[39m: Starting your application...
2023-09-29T06:55:02.618Z [32minfo[39m: All courses with user and university data retrieved successfully
2023-09-29T06:56:08.497Z [32minfo[39m: Starting your application...
2023-09-29T06:56:09.206Z [32minfo[39m: All courses with user and university data retrieved successfully
2023-09-29T06:58:05.948Z [32minfo[39m: Starting your application...
2023-09-29T06:58:06.937Z [32minfo[39m: All courses with user and university data retrieved successfully
2023-09-29T06:59:04.179Z [32minfo[39m: Starting your application...
2023-09-29T06:59:08.355Z [32minfo[39m: All courses with user and university data retrieved successfully
2023-09-29T06:59:41.582Z [32minfo[39m: Starting your application...
2023-09-29T06:59:44.045Z [31merror[39m: Error getting all courses with user and university data: ER_PARSE_ERROR: You have an error in your SQL syntax; check the manual that corresponds to your MySQL server version for the right syntax to use near 'cour1
                u.id AS user_id,
                u.username,
             ' at line 2
2023-09-29T07:01:06.366Z [32minfo[39m: Starting your application...
2023-09-29T07:01:08.114Z [32minfo[39m: All courses with user and university data retrieved successfully
2023-09-29T07:02:51.475Z [32minfo[39m: Starting your application...
2023-09-29T07:02:52.803Z [31merror[39m: Error getting all courses with user and university data: ER_PARSE_ERROR: You have an error in your SQL syntax; check the manual that corresponds to your MySQL server version for the right syntax to use near 'cour1
                u.id AS user_id,
                u.username,
             ' at line 2
2023-09-29T07:03:35.938Z [32minfo[39m: Starting your application...
2023-09-29T07:03:36.594Z [32minfo[39m: All courses with user and university data retrieved successfully
2023-09-29T07:05:32.302Z [32minfo[39m: Starting your application...
2023-09-29T07:05:51.679Z [32minfo[39m: Starting your application...
2023-09-29T07:06:18.344Z [32minfo[39m: Starting your application...
2023-09-29T07:06:19.678Z [31merror[39m: Error getting all courses with user and university data: ER_PARSE_ERROR: You have an error in your SQL syntax; check the manual that corresponds to your MySQL server version for the right syntax to use near '.course_name,
                c.course_level,
                c.is_active,
     ' at line 3
2023-09-29T07:06:48.402Z [32minfo[39m: Starting your application...
2023-09-29T07:07:01.631Z [32minfo[39m: Starting your application...
2023-09-29T07:07:03.536Z [32minfo[39m: All courses with user and university data retrieved successfully
2023-09-29T07:08:26.787Z [32minfo[39m: Starting your application...
2023-09-29T07:10:28.791Z [32minfo[39m: Starting your application...
2023-09-29T07:15:48.188Z [32minfo[39m: Starting your application...
2023-09-29T07:15:49.067Z [31merror[39m: Error getting all courses with user and university data: ER_PARSE_ERROR: You have an error in your SQL syntax; check the manual that corresponds to your MySQL server version for the right syntax to use near '.course_type,
                au.founded_year.
                au.is_active 
   ' at line 19
2023-09-29T07:17:23.357Z [32minfo[39m: Starting your application...
2023-09-29T07:17:24.106Z [31merror[39m: Error getting all courses with user and university data: ER_PARSE_ERROR: You have an error in your SQL syntax; check the manual that corresponds to your MySQL server version for the right syntax to use near '.course_type,
                au.founded_year.
                au.is_active 
   ' at line 19
2023-09-29T07:18:37.659Z [32minfo[39m: Starting your application...
2023-09-29T07:18:38.544Z [31merror[39m: Error getting all courses with user and university data: ER_PARSE_ERROR: You have an error in your SQL syntax; check the manual that corresponds to your MySQL server version for the right syntax to use near '.course_type,
                au.founded_year.
                au.is_active 
   ' at line 19
2023-09-29T07:18:52.715Z [32minfo[39m: Starting your application...
2023-09-29T07:19:31.327Z [32minfo[39m: Starting your application...
2023-09-29T07:19:31.835Z [31merror[39m: Error getting all courses with user and university data: ER_PARSE_ERROR: You have an error in your SQL syntax; check the manual that corresponds to your MySQL server version for the right syntax to use near '.course_type,
                // au.founded_year.
                // au.is_activ' at line 19
2023-09-29T07:20:01.472Z [32minfo[39m: Starting your application...
2023-09-29T07:20:03.921Z [31merror[39m: Error getting all courses with user and university data: ER_PARSE_ERROR: You have an error in your SQL syntax; check the manual that corresponds to your MySQL server version for the right syntax to use near '.course_type,
              
            FROM cour1 c
            INNER JOIN use' at line 19
2023-09-29T07:20:47.869Z [32minfo[39m: Starting your application...
2023-09-29T07:20:54.900Z [31merror[39m: Error getting all courses with user and university data: ER_PARSE_ERROR: You have an error in your SQL syntax; check the manual that corresponds to your MySQL server version for the right syntax to use near '.course_type,
              
            FROM cour1 c
            INNER JOIN use' at line 19
2023-09-29T07:21:07.132Z [32minfo[39m: Starting your application...
2023-09-29T07:21:07.701Z [31merror[39m: Error getting all courses with user and university data: ER_PARSE_ERROR: You have an error in your SQL syntax; check the manual that corresponds to your MySQL server version for the right syntax to use near '.course_type,
              
            FROM cour1 c
            INNER JOIN use' at line 16
2023-09-29T07:22:18.502Z [32minfo[39m: Starting your application...
2023-09-29T07:22:21.038Z [32minfo[39m: All courses with user and university data retrieved successfully
2023-09-29T07:22:50.544Z [32minfo[39m: Starting your application...
2023-09-29T07:22:51.882Z [32minfo[39m: All courses with user and university data retrieved successfully
2023-09-29T07:23:57.675Z [32minfo[39m: Starting your application...
2023-09-29T07:23:59.162Z [31merror[39m: Error getting all courses with user and university data: ER_PARSE_ERROR: You have an error in your SQL syntax; check the manual that corresponds to your MySQL server version for the right syntax to use near '.course_type
            FROM cour1 c
            INNER JOIN users3 u ON c.user_' at line 16
2023-09-29T07:24:49.320Z [32minfo[39m: Starting your application...
2023-09-29T07:24:51.215Z [32minfo[39m: All courses with user and university data retrieved successfully
2023-09-29T07:25:18.938Z [32minfo[39m: Starting your application...
2023-09-29T07:25:20.222Z [32minfo[39m: All courses with user and university data retrieved successfully
2023-09-29T07:36:09.541Z [32minfo[39m: Starting your application...
2023-09-29T07:36:12.866Z [31merror[39m: Error getting all courses with user and university data: ER_PARSE_ERROR: You have an error in your SQL syntax; check the manual that corresponds to your MySQL server version for the right syntax to use near 'FROM cour1 c
            INNER JOIN users3 u ON c.user_id = u.id
          
    ' at line 27
2023-09-29T07:36:32.414Z [32minfo[39m: Starting your application...
2023-09-29T07:36:33.790Z [31merror[39m: Error getting all courses with user and university data: ER_PARSE_ERROR: You have an error in your SQL syntax; check the manual that corresponds to your MySQL server version for the right syntax to use near 'FROM cour1 c
            INNER JOIN users3 u ON c.user_id = u.id
          
    ' at line 27
2023-09-29T07:37:01.084Z [32minfo[39m: Starting your application...
2023-09-29T07:37:01.827Z [31merror[39m: Error getting all courses with user and university data: ER_PARSE_ERROR: You have an error in your SQL syntax; check the manual that corresponds to your MySQL server version for the right syntax to use near '.id AS user_id,
                u.username,
                u.firstname,
       ' at line 9
2023-09-29T07:39:00.190Z [32minfo[39m: Starting your application...
2023-09-29T07:39:01.898Z [31merror[39m: Error getting all courses with user and university data: ER_PARSE_ERROR: You have an error in your SQL syntax; check the manual that corresponds to your MySQL server version for the right syntax to use near 'au.university_name,
                au.founded_year,
                au.course_t' at line 21
2023-09-29T07:39:38.848Z [32minfo[39m: Starting your application...
2023-09-29T07:39:39.600Z [31merror[39m: Error getting all courses with user and university data: ER_PARSE_ERROR: You have an error in your SQL syntax; check the manual that corresponds to your MySQL server version for the right syntax to use near 'FROM cour1 c
            INNER JOIN users3 u ON c.user_id = u.id
          
    ' at line 24
2023-09-29T07:39:58.121Z [32minfo[39m: Starting your application...
2023-09-29T07:39:58.796Z [32minfo[39m: All courses with user and university data retrieved successfully
2023-09-29T07:40:44.130Z [32minfo[39m: Starting your application...
2023-09-29T07:40:45.431Z [32minfo[39m: All courses with user and university data retrieved successfully
2023-09-29T07:42:43.418Z [32minfo[39m: Starting your application...
2023-09-29T07:42:44.654Z [31merror[39m: Error getting all courses with user and university data: ER_PARSE_ERROR: You have an error in your SQL syntax; check the manual that corresponds to your MySQL server version for the right syntax to use near '.id AS user_id,
                u.username,
                u.firstname,
       ' at line 9
2023-09-29T07:42:54.251Z [32minfo[39m: Starting your application...
2023-09-29T07:43:07.884Z [32minfo[39m: All courses with user and university data retrieved successfully
2023-09-29T07:44:54.559Z [32minfo[39m: Starting your application...
2023-09-29T07:45:00.593Z [32minfo[39m: Starting your application...
2023-09-29T07:45:01.853Z [32minfo[39m: All courses with user and university data retrieved successfully
2023-09-29T07:56:17.543Z [32minfo[39m: Starting your application...
2023-09-29T08:01:03.329Z [32minfo[39m: Starting your application...
2023-09-29T08:02:53.580Z [32minfo[39m: Starting your application...
2023-09-29T08:03:15.223Z [32minfo[39m: Starting your application...
2023-09-29T08:05:15.825Z [32minfo[39m: Starting your application...
2023-09-29T08:06:22.207Z [32minfo[39m: Starting your application...
2023-09-29T08:06:46.540Z [32minfo[39m: Starting your application...
2023-09-29T08:07:18.956Z [32minfo[39m: Starting your application...
2023-09-29T08:07:33.421Z [32minfo[39m: Starting your application...
2023-09-29T08:08:39.795Z [32minfo[39m: Starting your application...
2023-09-29T08:08:42.208Z [32minfo[39m: Starting your application...
2023-09-29T08:08:43.437Z [31merror[39m: Error getting all users: ER_PARSE_ERROR: You have an error in your SQL syntax; check the manual that corresponds to your MySQL server version for the right syntax to use near 'all_university where is_deleted = 1' at line 1
2023-09-29T08:09:53.896Z [32minfo[39m: Starting your application...
2023-09-29T08:09:58.646Z [31merror[39m: Error getting all users: ER_PARSE_ERROR: You have an error in your SQL syntax; check the manual that corresponds to your MySQL server version for the right syntax to use near 'all_university WHERE is_deleted = 1' at line 1
2023-09-29T08:10:06.155Z [32minfo[39m: Starting your application...
2023-09-29T08:10:06.789Z [31merror[39m: Error getting all users: ER_PARSE_ERROR: You have an error in your SQL syntax; check the manual that corresponds to your MySQL server version for the right syntax to use near 'all_university WHERE is_deleted = 1' at line 1
2023-09-29T08:10:52.627Z [32minfo[39m: Starting your application...
2023-09-29T08:11:12.980Z [31merror[39m: Error getting all users: ER_PARSE_ERROR: You have an error in your SQL syntax; check the manual that corresponds to your MySQL server version for the right syntax to use near 'all_university WHERE is_deleted = 1' at line 1
2023-09-29T08:11:43.872Z [32minfo[39m: Starting your application...
2023-09-29T08:12:03.498Z [32minfo[39m: All users retrieved successfully
2023-09-29T08:12:22.364Z [32minfo[39m: Starting your application...
2023-09-29T08:12:45.034Z [32minfo[39m: All users retrieved successfully
2023-09-29T08:13:16.470Z [32minfo[39m: Starting your application...
2023-09-29T08:13:39.741Z [32minfo[39m: Starting your application...
2023-09-29T08:14:01.339Z [32minfo[39m: All users retrieved successfully
2023-09-29T09:33:09.034Z [32minfo[39m: Starting your application...
2023-09-29T09:35:47.199Z [32minfo[39m: Starting your application...
2023-09-29T09:36:53.780Z [32minfo[39m: Starting your application...
2023-09-29T09:37:15.888Z [32minfo[39m: All courses with user and university data retrieved successfully
2023-09-29T09:54:49.479Z [32minfo[39m: Starting your application...
2023-09-29T09:58:47.680Z [32minfo[39m: Starting your application...
2023-09-29T09:59:03.661Z [32minfo[39m: All courses with user and university data retrieved successfully
2023-09-29T10:17:58.488Z [32minfo[39m: All users retrieved successfully
2023-09-29T10:24:50.469Z [32minfo[39m: Starting your application...
2023-09-29T10:25:08.125Z [32minfo[39m: Starting your application...
2023-09-29T10:25:33.257Z [32minfo[39m: Starting your application...
2023-09-29T10:26:56.939Z [32minfo[39m: Starting your application...
2023-09-29T10:27:07.272Z [32minfo[39m: Starting your application...
2023-09-29T10:27:56.444Z [32minfo[39m: Starting your application...
2023-09-29T10:28:33.214Z [31merror[39m: Erroe getting BY course By Id: ER_BAD_FIELD_ERROR: Unknown column 'id' in 'where clause'
2023-09-29T10:29:07.331Z [32minfo[39m: Starting your application...
2023-09-29T10:31:59.322Z [32minfo[39m: Starting your application...
2023-09-29T10:32:27.567Z [32minfo[39m: Starting your application...
2023-09-29T10:32:57.885Z [32minfo[39m: Starting your application...
2023-09-29T10:32:58.745Z [31merror[39m: Erroe getting BY course By Id: ER_PARSE_ERROR: You have an error in your SQL syntax; check the manual that corresponds to your MySQL server version for the right syntax to use near 'AND
        u.id AS user_id, 
        INNER JOIN users3 u ON all_university.user' at line 1
2023-09-29T10:34:10.899Z [32minfo[39m: Starting your application...
2023-09-29T10:34:14.978Z [32minfo[39m: Starting your application...
2023-09-29T10:34:15.765Z [31merror[39m: Error getting course by ID: ER_NO_SUCH_TABLE: Table 'immigration_database.users' doesn't exist
2023-09-29T10:34:40.488Z [32minfo[39m: Starting your application...
2023-09-29T10:35:59.009Z [32minfo[39m: Starting your application...
2023-09-29T10:36:00.349Z [31merror[39m: Error getting course by ID: ER_NO_SUCH_TABLE: Table 'immigration_database.courses' doesn't exist
2023-09-29T10:36:13.630Z [32minfo[39m: Starting your application...
2023-09-29T10:36:26.252Z [32minfo[39m: Starting your application...
2023-09-29T10:36:26.628Z [31merror[39m: Error getting course by ID: ER_BAD_FIELD_ERROR: Unknown column 'u.user_id' in 'field list'
2023-09-29T10:36:52.196Z [32minfo[39m: Starting your application...
2023-09-29T10:36:53.660Z [31merror[39m: Error getting course by ID: ER_BAD_FIELD_ERROR: Unknown column 'u.user_id' in 'field list'
2023-09-29T10:37:23.715Z [32minfo[39m: Starting your application...
2023-09-29T10:37:24.799Z [31merror[39m: Error getting course by ID: ER_BAD_DB_ERROR: Unknown database 'u'
2023-09-29T10:37:48.277Z [32minfo[39m: Starting your application...
2023-09-29T10:41:00.474Z [32minfo[39m: Starting your application...
2023-09-29T10:43:26.706Z [32minfo[39m: Starting your application...
2023-09-29T10:43:49.673Z [32minfo[39m: Starting your application...
2023-09-29T10:43:52.609Z [31merror[39m: Error getting course by ID: ER_NO_SUCH_TABLE: Table 'immigration_database.courses' doesn't exist
2023-09-29T10:44:06.306Z [32minfo[39m: Starting your application...
2023-09-29T10:44:50.392Z [32minfo[39m: Starting your application...
2023-09-29T10:45:43.395Z [32minfo[39m: Starting your application...
2023-09-29T10:47:23.621Z [32minfo[39m: Starting your application...
2023-09-29T10:47:42.085Z [32minfo[39m: Starting your application...
2023-09-29T10:48:22.243Z [32minfo[39m: Starting your application...
2023-09-29T10:52:22.070Z [32minfo[39m: Starting your application...
2023-09-29T10:52:23.582Z [31merror[39m: Error getting course by ID: ER_PARSE_ERROR: You have an error in your SQL syntax; check the manual that corresponds to your MySQL server version for the right syntax to use near 'FROM cour1 c
            INNER JOIN users3 u ON c.user_id = u.id
            LEF' at line 7
2023-09-29T10:53:10.629Z [32minfo[39m: Starting your application...
2023-09-29T10:53:11.380Z [31merror[39m: Error getting course by ID: ER_PARSE_ERROR: You have an error in your SQL syntax; check the manual that corresponds to your MySQL server version for the right syntax to use near 'FROM cour1 c
            INNER JOIN users3 u ON c.user_id = u.id,
            LE' at line 7
2023-09-29T10:54:21.838Z [32minfo[39m: Starting your application...
2023-09-29T10:55:03.988Z [32minfo[39m: Starting your application...
2023-09-29T10:55:48.281Z [32minfo[39m: Starting your application...
2023-09-29T10:57:24.996Z [32minfo[39m: Starting your application...
2023-09-29T10:57:25.673Z [31merror[39m: Error getting course by ID: ER_PARSE_ERROR: You have an error in your SQL syntax; check the manual that corresponds to your MySQL server version for the right syntax to use near '.id AS university_id,
            au.university_name,
            au.founded_yea' at line 3
2023-09-29T10:57:41.891Z [32minfo[39m: Starting your application...
2023-09-29T10:57:42.455Z [31merror[39m: Error getting course by ID: ER_BAD_FIELD_ERROR: Unknown column 'u.create_date' in 'field list'
2023-09-29T10:58:05.996Z [32minfo[39m: Starting your application...
2023-09-29T10:58:08.806Z [31merror[39m: Error getting course by ID: ER_BAD_FIELD_ERROR: Unknown column 'u.create_date' in 'field list'
2023-09-29T10:58:49.056Z [32minfo[39m: Starting your application...
2023-09-29T10:59:36.939Z [32minfo[39m: Starting your application...
2023-09-29T10:59:37.746Z [31merror[39m: Error getting course by ID: ER_PARSE_ERROR: You have an error in your SQL syntax; check the manual that corresponds to your MySQL server version for the right syntax to use near 'FROM cour1 c
            INNER JOIN users3 u ON c.user_id = u.id
            LEF' at line 11
2023-09-29T11:00:24.488Z [32minfo[39m: Starting your application...
2023-09-29T11:00:28.694Z [31merror[39m: Error getting course by ID: ER_PARSE_ERROR: You have an error in your SQL syntax; check the manual that corresponds to your MySQL server version for the right syntax to use near 'FROM cour1 c
            INNER JOIN users3 u ON c.user_id = u.id
            LEF' at line 11
2023-09-29T11:01:00.871Z [31merror[39m: Error getting course by ID: ER_PARSE_ERROR: You have an error in your SQL syntax; check the manual that corresponds to your MySQL server version for the right syntax to use near 'FROM cour1 c
            INNER JOIN users3 u ON c.user_id = u.id
            LEF' at line 11
2023-09-29T11:02:04.087Z [32minfo[39m: Starting your application...
2023-09-29T11:20:12.504Z [32minfo[39m: All courses with user and university data retrieved successfully
2023-09-29T13:36:13.100Z [32minfo[39m: Starting your application...
2023-09-30T05:39:47.742Z [32minfo[39m: Starting your application...
2023-09-30T06:09:49.959Z [32minfo[39m: Starting your application...
2023-09-30T06:16:17.944Z [32minfo[39m: Starting your application...
2023-09-30T06:17:18.028Z [32minfo[39m: Starting your application...
2023-09-30T06:18:09.526Z [32minfo[39m: Starting your application...
2023-09-30T06:18:53.607Z [32minfo[39m: Starting your application...
2023-09-30T06:20:49.970Z [32minfo[39m: Starting your application...
2023-09-30T06:20:59.297Z [32minfo[39m: Starting your application...
2023-09-30T06:24:42.729Z [32minfo[39m: Starting your application...
2023-09-30T06:27:10.833Z [32minfo[39m: Starting your application...
2023-09-30T06:27:50.832Z [32minfo[39m: Starting your application...
2023-09-30T06:32:34.101Z [32minfo[39m: Starting your application...
2023-09-30T06:47:24.306Z [32minfo[39m: Starting your application...
2023-09-30T06:48:11.190Z [32minfo[39m: Starting your application...
2023-09-30T06:48:33.097Z [32minfo[39m: Starting your application...
2023-09-30T06:52:18.511Z [32minfo[39m: Starting your application...
2023-09-30T06:54:41.458Z [32minfo[39m: Starting your application...
2023-09-30T06:56:00.561Z [32minfo[39m: Starting your application...
2023-09-30T06:58:28.092Z [32minfo[39m: Starting your application...
2023-09-30T06:58:55.470Z [32minfo[39m: Starting your application...
2023-09-30T07:00:35.680Z [32minfo[39m: Starting your application...
2023-09-30T07:01:51.123Z [32minfo[39m: Starting your application...
2023-09-30T07:02:01.629Z [32minfo[39m: Starting your application...
2023-09-30T07:02:18.910Z [32minfo[39m: Starting your application...
2023-09-30T07:04:21.183Z [32minfo[39m: Starting your application...
2023-09-30T07:04:54.037Z [32minfo[39m: Starting your application...
2023-09-30T07:07:24.227Z [32minfo[39m: Starting your application...
2023-09-30T07:08:26.342Z [32minfo[39m: Starting your application...
2023-09-30T07:09:33.419Z [32minfo[39m: Starting your application...
2023-09-30T07:09:54.322Z [32minfo[39m: Starting your application...
2023-09-30T07:10:36.351Z [32minfo[39m: Starting your application...
2023-09-30T07:53:23.505Z [32minfo[39m: Starting your application...
2023-09-30T07:57:57.877Z [32minfo[39m: Starting your application...
2023-09-30T07:58:36.561Z [32minfo[39m: Starting your application...
2023-09-30T07:58:55.440Z [32minfo[39m: Starting your application...
2023-09-30T07:59:57.663Z [32minfo[39m: Starting your application...
2023-09-30T08:01:23.078Z [32minfo[39m: Starting your application...
2023-09-30T08:01:52.801Z [32minfo[39m: Starting your application...
2023-09-30T08:02:02.555Z [32minfo[39m: Starting your application...
2023-09-30T08:02:20.463Z [32minfo[39m: Starting your application...
2023-09-30T08:02:36.300Z [32minfo[39m: Starting your application...
2023-09-30T08:07:18.518Z [32minfo[39m: Starting your application...
2023-09-30T08:07:58.931Z [32minfo[39m: Starting your application...
2023-09-30T08:09:56.634Z [32minfo[39m: Starting your application...
2023-09-30T08:10:28.126Z [32minfo[39m: Starting your application...
2023-09-30T08:56:32.067Z [32minfo[39m: Starting your application...
2023-09-30T08:56:58.939Z [32minfo[39m: Starting your application...
2023-09-30T08:58:07.311Z [32minfo[39m: Starting your application...
2023-09-30T09:02:04.903Z [32minfo[39m: Starting your application...
2023-09-30T09:04:50.688Z [32minfo[39m: Starting your application...
2023-09-30T09:08:08.784Z [32minfo[39m: Starting your application...
2023-09-30T09:10:19.452Z [32minfo[39m: Starting your application...
2023-09-30T09:11:21.534Z [32minfo[39m: Starting your application...
2023-09-30T09:13:34.310Z [32minfo[39m: Starting your application...
2023-09-30T09:14:06.585Z [32minfo[39m: Starting your application...
2023-09-30T09:14:25.447Z [32minfo[39m: Starting your application...
2023-09-30T09:14:41.079Z [32minfo[39m: Starting your application...
2023-09-30T09:16:23.067Z [32minfo[39m: User retrieved by ID successfully
2023-09-30T09:32:30.586Z [32minfo[39m: Starting your application...
2023-09-30T09:47:16.985Z [32minfo[39m: Starting your application...
2023-09-30T09:49:53.574Z [32minfo[39m: Starting your application...
2023-09-30T09:50:44.270Z [32minfo[39m: Starting your application...
2023-09-30T09:51:58.629Z [32minfo[39m: Starting your application...
2023-09-30T09:54:41.553Z [32minfo[39m: Starting your application...
2023-09-30T09:55:35.419Z [32minfo[39m: Starting your application...
2023-09-30T09:57:46.724Z [32minfo[39m: Starting your application...
2023-09-30T10:43:25.769Z [32minfo[39m: Starting your application...
2023-09-30T10:44:05.506Z [32minfo[39m: Starting your application...
2023-09-30T10:47:16.359Z [32minfo[39m: Starting your application...
2023-09-30T10:47:44.749Z [32minfo[39m: Starting your application...
2023-09-30T10:49:53.760Z [32minfo[39m: Starting your application...
2023-09-30T10:50:59.790Z [32minfo[39m: Starting your application...
2023-09-30T11:07:36.588Z [32minfo[39m: Starting your application...
2023-09-30T11:08:05.983Z [32minfo[39m: Starting your application...
2023-09-30T11:10:33.644Z [32minfo[39m: Starting your application...
2023-09-30T11:10:51.364Z [32minfo[39m: Starting your application...
2023-09-30T11:11:12.866Z [32minfo[39m: Starting your application...
2023-09-30T11:11:31.554Z [32minfo[39m: Starting your application...
2023-09-30T11:13:26.202Z [32minfo[39m: Starting your application...
2023-09-30T11:14:28.018Z [32minfo[39m: Starting your application...
2023-09-30T11:15:42.817Z [32minfo[39m: Starting your application...
2023-09-30T11:18:04.421Z [32minfo[39m: Starting your application...
2023-09-30T11:19:07.277Z [32minfo[39m: Starting your application...
2023-09-30T11:20:18.005Z [32minfo[39m: Starting your application...
2023-09-30T11:20:53.766Z [32minfo[39m: Starting your application...
2023-09-30T11:22:04.800Z [32minfo[39m: Starting your application...
2023-09-30T11:23:25.456Z [32minfo[39m: Starting your application...
2023-09-30T11:24:37.522Z [32minfo[39m: Starting your application...
2023-09-30T11:24:59.532Z [32minfo[39m: Starting your application...
2023-09-30T11:31:43.135Z [32minfo[39m: Starting your application...
2023-09-30T11:32:26.583Z [32minfo[39m: Starting your application...
2023-09-30T11:34:12.626Z [32minfo[39m: Starting your application...
2023-09-30T11:35:49.141Z [32minfo[39m: Starting your application...
2023-09-30T11:39:30.342Z [32minfo[39m: Starting your application...
2023-09-30T11:41:59.242Z [32minfo[39m: Starting your application...
2023-09-30T11:43:46.671Z [32minfo[39m: Starting your application...
2023-09-30T11:44:27.439Z [32minfo[39m: Starting your application...
2023-09-30T11:46:12.584Z [32minfo[39m: Starting your application...
2023-09-30T11:47:12.003Z [32minfo[39m: Starting your application...
2023-09-30T11:51:20.316Z [32minfo[39m: Starting your application...
2023-09-30T11:52:41.823Z [32minfo[39m: Starting your application...
2023-09-30T11:53:36.644Z [32minfo[39m: Starting your application...
2023-09-30T11:54:00.566Z [32minfo[39m: Starting your application...
2023-09-30T11:56:05.585Z [32minfo[39m: Starting your application...
2023-09-30T11:56:37.648Z [32minfo[39m: Starting your application...
2023-09-30T12:00:08.696Z [32minfo[39m: Starting your application...
2023-09-30T12:00:40.451Z [32minfo[39m: Starting your application...
2023-09-30T12:01:12.116Z [32minfo[39m: Starting your application...
2023-09-30T12:02:04.151Z [32minfo[39m: Starting your application...
2023-09-30T12:41:00.842Z [32minfo[39m: Starting your application...
2023-09-30T12:42:29.044Z [32minfo[39m: Starting your application...
2023-09-30T12:45:14.508Z [32minfo[39m: Starting your application...
2023-09-30T12:46:15.185Z [32minfo[39m: Starting your application...
2023-09-30T12:46:54.693Z [32minfo[39m: Starting your application...
2023-09-30T12:50:03.307Z [32minfo[39m: Starting your application...
2023-09-30T12:54:15.883Z [32minfo[39m: Starting your application...
2023-09-30T12:55:44.622Z [32minfo[39m: Starting your application...
2023-09-30T12:59:48.205Z [32minfo[39m: Starting your application...
2023-09-30T13:02:06.179Z [32minfo[39m: Starting your application...
2023-09-30T13:02:20.352Z [32minfo[39m: Starting your application...
2023-09-30T13:03:22.333Z [32minfo[39m: Starting your application...
2023-09-30T13:05:08.888Z [32minfo[39m: Starting your application...
2023-09-30T13:10:29.525Z [32minfo[39m: Starting your application...
2023-09-30T13:17:22.670Z [32minfo[39m: Starting your application...
2023-09-30T13:20:47.661Z [32minfo[39m: Starting your application...
2023-09-30T13:21:27.366Z [32minfo[39m: Starting your application...
2023-09-30T13:22:19.530Z [32minfo[39m: Starting your application...
2023-09-30T13:23:28.274Z [32minfo[39m: Starting your application...
2023-09-30T13:27:57.029Z [32minfo[39m: Starting your application...
2023-09-30T13:29:33.274Z [32minfo[39m: Starting your application...
2023-09-30T13:30:22.950Z [32minfo[39m: Starting your application...
2023-09-30T13:33:14.294Z [32minfo[39m: Starting your application...
2023-09-30T13:34:00.170Z [32minfo[39m: Starting your application...
2023-09-30T13:35:18.908Z [32minfo[39m: Starting your application...
2023-09-30T13:36:16.071Z [32minfo[39m: Starting your application...
2023-09-30T13:40:14.604Z [32minfo[39m: Starting your application...
2023-09-30T13:40:52.563Z [32minfo[39m: Starting your application...
2023-10-03T05:22:06.799Z [32minfo[39m: Starting your application...
2023-10-03T05:46:41.074Z [32minfo[39m: Starting your application...
2023-10-03T05:47:09.347Z [32minfo[39m: Starting your application...
2023-10-03T05:47:38.165Z [32minfo[39m: Starting your application...
2023-10-03T05:47:43.929Z [32minfo[39m: Starting your application...
2023-10-03T05:47:56.786Z [32minfo[39m: Starting your application...
2023-10-03T09:19:48.776Z [32minfo[39m: Starting your application...
2023-10-03T10:23:11.888Z [32minfo[39m: Starting your application...
2023-10-10T10:52:20.529Z [32minfo[39m: Starting your application...
2023-10-10T11:47:10.796Z [32minfo[39m: Starting your application...
2023-10-10T11:50:03.426Z [32minfo[39m: Starting your application...
2023-10-10T11:50:52.802Z [32minfo[39m: Starting your application...
2023-10-10T11:53:45.934Z [32minfo[39m: Starting your application...
2023-10-10T11:54:50.669Z [32minfo[39m: Starting your application...
2023-10-10T11:55:04.474Z [32minfo[39m: Starting your application...
2023-10-10T11:56:35.885Z [32minfo[39m: Starting your application...
2023-10-10T11:57:06.151Z [32minfo[39m: Starting your application...
2023-10-10T11:57:53.239Z [32minfo[39m: Starting your application...
2023-10-10T11:58:53.495Z [32minfo[39m: Starting your application...
2023-10-10T12:01:16.257Z [32minfo[39m: Starting your application...
2023-10-10T12:01:31.275Z [31merror[39m: Error getting all courses with user and university data: ER_BAD_FIELD_ERROR: Unknown column 'a.university_id' in 'on clause'
2023-10-10T12:02:08.586Z [32minfo[39m: Starting your application...
2023-10-10T12:02:30.200Z [31merror[39m: Error getting all courses with user and university data: ER_BAD_FIELD_ERROR: Unknown column 'a.university_id' in 'on clause'
2023-10-10T12:04:00.085Z [32minfo[39m: Starting your application...
2023-10-10T12:04:24.763Z [32minfo[39m: All courses with user and university data retrieved successfully
2023-10-10T12:05:50.746Z [32minfo[39m: Starting your application...
2023-10-10T12:06:05.130Z [32minfo[39m: All courses with user and university data retrieved successfully
2023-10-10T12:07:49.839Z [32minfo[39m: Starting your application...
2023-10-10T12:08:04.335Z [32minfo[39m: All courses with user and university data retrieved successfully
2023-10-10T12:14:15.220Z [32minfo[39m: Starting your application...
2023-10-10T12:14:20.225Z [31merror[39m: Error getting all courses with user and university data: ER_BAD_FIELD_ERROR: Unknown column 'udf.user_id' in 'field list'
2023-10-10T12:15:34.293Z [32minfo[39m: Starting your application...
2023-10-10T12:15:37.324Z [32minfo[39m: All courses with user and university data retrieved successfully
2023-10-10T12:18:02.723Z [32minfo[39m: Starting your application...
2023-10-10T12:18:05.482Z [31merror[39m: Error getting all courses with user and university data: ER_BAD_FIELD_ERROR: Unknown column 'a.university_id' in 'on clause'
2023-10-10T12:18:39.063Z [32minfo[39m: Starting your application...
2023-10-10T12:18:39.625Z [32minfo[39m: All courses with user and university data retrieved successfully
2023-10-10T12:24:53.943Z [32minfo[39m: Starting your application...
2023-10-10T12:25:00.923Z [32minfo[39m: Starting your application...
2023-10-10T12:25:03.822Z [32minfo[39m: All courses with user and university data retrieved successfully
2023-10-10T12:27:31.516Z [32minfo[39m: Starting your application...
2023-10-10T12:27:32.461Z [32minfo[39m: All courses with user and university data retrieved successfully
2023-10-10T12:36:46.746Z [32minfo[39m: All courses with user and university data retrieved successfully
2023-10-10T12:37:20.883Z [32minfo[39m: Starting your application...
2023-10-10T12:37:21.699Z [32minfo[39m: All courses with user and university data retrieved successfully
2023-10-10T12:41:12.072Z [32minfo[39m: Starting your application...
2023-10-10T12:50:01.708Z [32minfo[39m: Starting your application...
2023-10-10T12:50:02.448Z [32minfo[39m: All courses with user and university data retrieved successfully
2023-10-10T12:51:01.636Z [32minfo[39m: Starting your application...
2023-10-10T12:51:47.835Z [32minfo[39m: Starting your application...
2023-10-10T12:51:49.052Z [32minfo[39m: All courses with user and university data retrieved successfully
2023-10-10T12:52:02.051Z [32minfo[39m: Starting your application...
2023-10-10T12:52:04.440Z [32minfo[39m: All courses with user and university data retrieved successfully
2023-10-10T12:52:15.433Z [32minfo[39m: Starting your application...
2023-10-10T12:52:19.050Z [32minfo[39m: All courses with user and university data retrieved successfully
2023-10-10T12:52:35.728Z [32minfo[39m: Starting your application...
2023-10-10T12:52:36.861Z [32minfo[39m: All courses with user and university data retrieved successfully
2023-10-10T12:53:22.954Z [32minfo[39m: Starting your application...
2023-10-10T12:53:39.042Z [32minfo[39m: Starting your application...
2023-10-10T12:54:00.713Z [32minfo[39m: Starting your application...
2023-10-10T12:54:01.273Z [32minfo[39m: All courses with user and university data retrieved successfully
2023-10-10T13:01:01.373Z [32minfo[39m: All courses with user and university data retrieved successfully
2023-10-10T13:07:57.826Z [32minfo[39m: Starting your application...
2023-10-10T13:08:01.417Z [31merror[39m: Error getting all courses with user and university data: ER_PARSE_ERROR: You have an error in your SQL syntax; check the manual that corresponds to your MySQL server version for the right syntax to use near '.course_id,
        c.course_name,
        c.course_level
      FROM application' at line 12
2023-10-10T13:08:29.338Z [32minfo[39m: Starting your application...
2023-10-10T13:08:31.489Z [31merror[39m: Error getting all courses with user and university data: ER_PARSE_ERROR: You have an error in your SQL syntax; check the manual that corresponds to your MySQL server version for the right syntax to use near '.course_id,
        c.course_name,
        c.course_level,
      FROM applicatio' at line 12
2023-10-10T13:09:04.213Z [32minfo[39m: Starting your application...
2023-10-10T13:09:05.487Z [31merror[39m: Error getting all courses with user and university data: ER_PARSE_ERROR: You have an error in your SQL syntax; check the manual that corresponds to your MySQL server version for the right syntax to use near 'FROM applications a
      INNER JOIN users3 u ON a.user_id = u.id
      LEFT JOI' at line 15
2023-10-10T13:09:22.474Z [32minfo[39m: Starting your application...
2023-10-10T13:09:24.115Z [31merror[39m: Error getting all courses with user and university data: ER_BAD_FIELD_ERROR: Unknown column 'c.course_id' in 'field list'
2023-10-10T13:10:07.733Z [32minfo[39m: Starting your application...
2023-10-10T13:10:08.671Z [32minfo[39m: All courses with user and university data retrieved successfully
2023-10-10T13:14:59.390Z [32minfo[39m: Starting your application...
2023-10-10T13:15:00.397Z [31merror[39m: Error getting all courses with user and university data: ER_BAD_FIELD_ERROR: Unknown column 'a.university_id' in 'on clause'
2023-10-10T13:15:50.418Z [32minfo[39m: Starting your application...
2023-10-10T13:15:52.214Z [32minfo[39m: All courses with user and university data retrieved successfully
2023-10-10T13:18:28.260Z [32minfo[39m: Starting your application...
2023-10-10T13:18:46.734Z [32minfo[39m: Starting your application...
2023-10-10T13:18:52.364Z [32minfo[39m: Starting your application...
2023-10-10T13:18:54.102Z [32minfo[39m: All courses with user and university data retrieved successfully
2023-10-10T13:19:59.646Z [32minfo[39m: Starting your application...
2023-10-10T13:20:22.531Z [32minfo[39m: Starting your application...
2023-10-10T13:20:31.410Z [32minfo[39m: Starting your application...
2023-10-16T08:01:05.127Z [32minfo[39m: Starting your application...
2023-10-16T08:20:04.574Z [32minfo[39m: Starting your application...
2023-10-16T08:20:23.535Z [32minfo[39m: Starting your application...
2023-10-16T08:20:34.832Z [32minfo[39m: Starting your application...
2023-10-16T08:20:49.050Z [32minfo[39m: Starting your application...
2023-10-16T09:17:30.540Z [32minfo[39m: Starting your application...
2023-10-16T09:49:48.784Z [32minfo[39m: Starting your application...
2023-10-16T09:50:47.733Z [32minfo[39m: Starting your application...
2023-10-16T09:51:12.288Z [32minfo[39m: Starting your application...
2023-10-16T09:51:38.053Z [32minfo[39m: Starting your application...
2023-10-16T09:51:59.206Z [32minfo[39m: Starting your application...
2023-10-16T09:52:05.904Z [32minfo[39m: Starting your application...
2023-10-16T09:52:47.404Z [32minfo[39m: Starting your application...
2023-10-16T09:53:44.992Z [32minfo[39m: Starting your application...
2023-10-16T09:54:21.331Z [32minfo[39m: Starting your application...
2023-10-16T09:54:35.093Z [32minfo[39m: Starting your application...
2023-10-16T10:10:12.493Z [32minfo[39m: Starting your application...
2023-10-16T10:10:28.518Z [32minfo[39m: Starting your application...
2023-10-16T10:11:10.938Z [32minfo[39m: Starting your application...
2023-10-16T10:11:22.286Z [32minfo[39m: Starting your application...
2023-10-16T10:16:07.545Z [32minfo[39m: Starting your application...
2023-10-16T10:16:12.335Z [32minfo[39m: Starting your application...
2023-10-16T10:17:38.967Z [32minfo[39m: Starting your application...
2023-10-16T10:18:08.532Z [32minfo[39m: Starting your application...
2023-10-16T10:19:06.851Z [32minfo[39m: Starting your application...
2023-10-16T10:20:24.323Z [32minfo[39m: Starting your application...
2023-10-16T11:12:55.078Z [32minfo[39m: Starting your application...
2023-10-16T11:23:52.042Z [32minfo[39m: Starting your application...
2023-10-16T11:24:55.122Z [32minfo[39m: Starting your application...
2023-10-16T11:32:36.173Z [32minfo[39m: Starting your application...
2023-10-16T11:33:04.334Z [32minfo[39m: Starting your application...
2023-10-16T11:34:20.042Z [32minfo[39m: Starting your application...
2023-10-16T12:19:28.252Z [32minfo[39m: Starting your application...
2023-10-16T12:19:45.841Z [32minfo[39m: Starting your application...
2023-10-16T12:34:02.535Z [32minfo[39m: Starting your application...
2023-10-16T12:40:15.596Z [32minfo[39m: Starting your application...
2023-10-16T13:00:46.166Z [32minfo[39m: Starting your application...
2023-10-16T13:03:21.310Z [32minfo[39m: Starting your application...
2023-10-16T13:03:34.242Z [32minfo[39m: Starting your application...
2023-10-16T13:03:48.538Z [32minfo[39m: Starting your application...
2023-10-16T13:07:47.369Z [32minfo[39m: Starting your application...
2023-10-16T13:08:57.541Z [32minfo[39m: Starting your application...
2023-10-16T13:13:34.428Z [32minfo[39m: Starting your application...
2023-10-16T13:16:12.748Z [32minfo[39m: Starting your application...
2023-10-16T13:19:17.256Z [32minfo[39m: Starting your application...
2023-10-16T13:21:22.249Z [32minfo[39m: Starting your application...
2023-10-16T13:28:21.762Z [32minfo[39m: Starting your application...
2023-10-16T13:28:27.676Z [32minfo[39m: Starting your application...
2023-10-16T13:30:10.952Z [32minfo[39m: Starting your application...
2023-10-16T13:32:13.235Z [32minfo[39m: Starting your application...
2023-10-16T13:36:45.813Z [32minfo[39m: Starting your application...
2023-10-16T13:37:20.783Z [32minfo[39m: Starting your application...
2023-10-16T13:38:27.648Z [32minfo[39m: Starting your application...
2023-10-16T13:40:28.431Z [32minfo[39m: Starting your application...
2023-10-16T13:40:44.451Z [32minfo[39m: Starting your application...
2023-10-16T13:41:32.735Z [32minfo[39m: Starting your application...
2023-10-16T13:41:46.906Z [32minfo[39m: Starting your application...
2023-10-16T13:41:55.119Z [32minfo[39m: Starting your application...
2023-10-16T13:42:22.503Z [32minfo[39m: Starting your application...
2023-10-17T06:00:54.761Z [32minfo[39m: Starting your application...
2023-10-17T06:01:27.651Z [32minfo[39m: Starting your application...
2023-10-17T06:02:12.182Z [32minfo[39m: Starting your application...
2023-10-17T06:10:53.040Z [32minfo[39m: Starting your application...
2023-10-17T06:13:29.878Z [32minfo[39m: Starting your application...
2023-10-17T06:14:37.355Z [32minfo[39m: Starting your application...
2023-10-17T06:15:09.268Z [31merror[39m: Error getting user by ID: ER_BAD_FIELD_ERROR: Unknown column 'a.id' in 'field list'
2023-10-17T06:15:55.864Z [32minfo[39m: Starting your application...
2023-10-17T06:16:31.878Z [32minfo[39m: User retrieved by ID successfully
2023-10-17T06:17:22.241Z [32minfo[39m: Starting your application...
2023-10-17T06:17:29.685Z [32minfo[39m: Starting your application...
2023-10-17T06:25:59.177Z [32minfo[39m: Starting your application...
2023-10-17T06:26:21.833Z [32minfo[39m: Starting your application...
2023-10-17T06:27:08.601Z [32minfo[39m: Starting your application...
2023-10-17T06:34:16.189Z [32minfo[39m: Starting your application...
2023-10-17T06:52:44.397Z [32minfo[39m: Starting your application...
2023-10-17T06:52:51.526Z [32minfo[39m: Starting your application...
2023-10-17T06:57:45.608Z [32minfo[39m: Starting your application...
2023-10-17T06:57:53.940Z [32minfo[39m: User retrieved by ID successfully
2023-10-17T06:58:11.061Z [32minfo[39m: User retrieved by ID successfully
2023-10-17T06:58:38.209Z [32minfo[39m: Starting your application...
2023-10-17T06:58:55.949Z [32minfo[39m: Starting your application...
2023-10-17T06:59:11.487Z [32minfo[39m: All users retrieved successfully
2023-10-17T07:00:21.543Z [32minfo[39m: Starting your application...
2023-10-17T07:00:44.854Z [32minfo[39m: Starting your application...
2023-10-17T07:03:36.675Z [32minfo[39m: Starting your application...
2023-10-17T07:04:06.744Z [32minfo[39m: Starting your application...
2023-10-17T07:04:30.020Z [32minfo[39m: Starting your application...
2023-10-17T07:04:54.787Z [32minfo[39m: Starting your application...
2023-10-17T07:04:57.882Z [32minfo[39m: Starting your application...
2023-10-17T07:05:13.137Z [32minfo[39m: User retrieved by ID successfully
2023-10-17T07:06:21.931Z [32minfo[39m: User retrieved by ID successfully
2023-10-17T07:06:26.634Z [32minfo[39m: User retrieved by ID successfully
2023-10-17T07:06:50.440Z [32minfo[39m: User retrieved by ID successfully
2023-10-17T07:11:33.850Z [32minfo[39m: Starting your application...
2023-10-17T07:12:47.255Z [32minfo[39m: Starting your application...
2023-10-17T07:13:06.562Z [32minfo[39m: Starting your application...
2023-10-17T07:15:43.234Z [32minfo[39m: Starting your application...
2023-10-17T07:18:50.252Z [32minfo[39m: Starting your application...
2023-10-17T07:19:54.913Z [32minfo[39m: Starting your application...
2023-10-17T07:24:14.857Z [32minfo[39m: Starting your application...
2023-10-17T07:24:31.698Z [32minfo[39m: Starting your application...
2023-10-17T07:26:23.421Z [32minfo[39m: Starting your application...
2023-10-17T09:26:09.485Z [32minfo[39m: Starting your application...
2023-10-17T09:26:28.251Z [32minfo[39m: Starting your application...
2023-10-17T09:27:38.195Z [32minfo[39m: User retrieved by ID successfully
2023-10-17T09:35:00.655Z [32minfo[39m: Starting your application...
2023-10-17T09:35:02.111Z [32minfo[39m: User retrieved by ID successfully
2023-10-17T09:35:11.143Z [32minfo[39m: Starting your application...
2023-10-17T09:35:12.059Z [32minfo[39m: User retrieved by ID successfully
2023-10-17T09:36:30.537Z [32minfo[39m: Starting your application...
2023-10-17T09:36:34.525Z [32minfo[39m: User retrieved by ID successfully
2023-10-17T09:37:09.147Z [32minfo[39m: Starting your application...
2023-10-17T09:37:13.364Z [32minfo[39m: User retrieved by ID successfully
