2023-09-22T05:48:20.265Z [31merror[39m: Error getting user by ID: ER_PARSE_ERROR: You have an error in your SQL syntax; check the manual that corresponds to your MySQL server version for the right syntax to use near '.username,
        u.firstname,
        u.lastname,
        u.email,
        u.p' at line 3
2023-09-28T05:59:52.109Z [31merror[39m: Error registering university: ER_NO_DEFAULT_FOR_FIELD: Field 'id' doesn't have a default value
2023-09-28T06:00:37.744Z [31merror[39m: Error registering university: ER_NO_DEFAULT_FOR_FIELD: Field 'id' doesn't have a default value
2023-09-28T06:01:55.308Z [31merror[39m: Error registering university: ER_NO_DEFAULT_FOR_FIELD: Field 'id' doesn't have a default value
2023-09-28T06:03:15.272Z [31merror[39m: Error registering university: ER_NO_DEFAULT_FOR_FIELD: Field 'id' doesn't have a default value
2023-09-28T06:04:57.798Z [31merror[39m: Error registering university: ER_NO_DEFAULT_FOR_FIELD: Field 'id' doesn't have a default value
2023-09-28T06:06:48.195Z [31merror[39m: Error registering university: ER_NO_DEFAULT_FOR_FIELD: Field 'id' doesn't have a default value
2023-09-28T06:09:50.661Z [31merror[39m: Error registering university: ER_NO_DEFAULT_FOR_FIELD: Field 'id' doesn't have a default value
2023-09-28T06:10:19.857Z [31merror[39m: Error registering university: ER_NO_DEFAULT_FOR_FIELD: Field 'id' doesn't have a default value
2023-09-28T06:11:24.712Z [31merror[39m: Error registering university: db.queryAsync is not a function
2023-09-28T06:22:18.832Z [31merror[39m: Missing or null values in university data
2023-09-28T06:24:05.367Z [31merror[39m: Missing or null values in university data
2023-09-28T06:52:51.753Z [31merror[39m: Error registering university: ER_BAD_FIELD_ERROR: Unknown column 'create_update' in 'field list'
2023-09-28T06:53:07.392Z [31merror[39m: Error registering university: ER_BAD_FIELD_ERROR: Unknown column 'create_update' in 'field list'
2023-09-28T06:53:37.724Z [31merror[39m: Error registering university: ER_WRONG_VALUE_COUNT_ON_ROW: Column count doesn't match value count at row 1
2023-09-28T06:54:44.725Z [31merror[39m: Error registering university: ER_BAD_FIELD_ERROR: Unknown column 'create_update' in 'field list'
2023-09-28T06:57:09.482Z [31merror[39m: Error registering university: ER_PARSE_ERROR: You have an error in your SQL syntax; check the manual that corresponds to your MySQL server version for the right syntax to use near '?,?,?)' at line 3
2023-09-28T09:05:04.770Z [31merror[39m: Error updating university: ER_PARSE_ERROR: You have an error in your SQL syntax; check the manual that corresponds to your MySQL server version for the right syntax to use near ''Rayat Bhara' WHERE id = NULL' at line 1
2023-09-28T09:35:06.497Z [31merror[39m: Error getting university by ID: ER_PARSE_ERROR: You have an error in your SQL syntax; check the manual that corresponds to your MySQL server version for the right syntax to use near ', `university_name` = 'Rayat Bhara', `course_type` = NULL, `founded_year` = NULL' at line 2
2023-09-28T09:56:49.001Z [31merror[39m: Error updating university: WARN_DATA_TRUNCATED: Data truncated for column 'course_type' at row 1
2023-09-29T06:50:28.580Z [31merror[39m: Error getting all courses with user and university data: ER_NO_SUCH_TABLE: Table 'immigration_database.user_university' doesn't exist
2023-09-29T06:51:31.797Z [31merror[39m: Error getting all courses with user and university data: ER_BAD_FIELD_ERROR: Unknown column 'ua.university_id' in 'field list'
2023-09-29T06:51:46.724Z [31merror[39m: Error getting all courses with user and university data: ER_BAD_FIELD_ERROR: Unknown column 'ua.university_id' in 'on clause'
2023-09-29T06:59:44.045Z [31merror[39m: Error getting all courses with user and university data: ER_PARSE_ERROR: You have an error in your SQL syntax; check the manual that corresponds to your MySQL server version for the right syntax to use near 'cour1
                u.id AS user_id,
                u.username,
             ' at line 2
2023-09-29T07:02:52.803Z [31merror[39m: Error getting all courses with user and university data: ER_PARSE_ERROR: You have an error in your SQL syntax; check the manual that corresponds to your MySQL server version for the right syntax to use near 'cour1
                u.id AS user_id,
                u.username,
             ' at line 2
2023-09-29T07:06:19.678Z [31merror[39m: Error getting all courses with user and university data: ER_PARSE_ERROR: You have an error in your SQL syntax; check the manual that corresponds to your MySQL server version for the right syntax to use near '.course_name,
                c.course_level,
                c.is_active,
     ' at line 3
2023-09-29T07:15:49.067Z [31merror[39m: Error getting all courses with user and university data: ER_PARSE_ERROR: You have an error in your SQL syntax; check the manual that corresponds to your MySQL server version for the right syntax to use near '.course_type,
                au.founded_year.
                au.is_active 
   ' at line 19
2023-09-29T07:17:24.106Z [31merror[39m: Error getting all courses with user and university data: ER_PARSE_ERROR: You have an error in your SQL syntax; check the manual that corresponds to your MySQL server version for the right syntax to use near '.course_type,
                au.founded_year.
                au.is_active 
   ' at line 19
2023-09-29T07:18:38.544Z [31merror[39m: Error getting all courses with user and university data: ER_PARSE_ERROR: You have an error in your SQL syntax; check the manual that corresponds to your MySQL server version for the right syntax to use near '.course_type,
                au.founded_year.
                au.is_active 
   ' at line 19
2023-09-29T07:19:31.835Z [31merror[39m: Error getting all courses with user and university data: ER_PARSE_ERROR: You have an error in your SQL syntax; check the manual that corresponds to your MySQL server version for the right syntax to use near '.course_type,
                // au.founded_year.
                // au.is_activ' at line 19
2023-09-29T07:20:03.921Z [31merror[39m: Error getting all courses with user and university data: ER_PARSE_ERROR: You have an error in your SQL syntax; check the manual that corresponds to your MySQL server version for the right syntax to use near '.course_type,
              
            FROM cour1 c
            INNER JOIN use' at line 19
2023-09-29T07:20:54.900Z [31merror[39m: Error getting all courses with user and university data: ER_PARSE_ERROR: You have an error in your SQL syntax; check the manual that corresponds to your MySQL server version for the right syntax to use near '.course_type,
              
            FROM cour1 c
            INNER JOIN use' at line 19
2023-09-29T07:21:07.701Z [31merror[39m: Error getting all courses with user and university data: ER_PARSE_ERROR: You have an error in your SQL syntax; check the manual that corresponds to your MySQL server version for the right syntax to use near '.course_type,
              
            FROM cour1 c
            INNER JOIN use' at line 16
2023-09-29T07:23:59.162Z [31merror[39m: Error getting all courses with user and university data: ER_PARSE_ERROR: You have an error in your SQL syntax; check the manual that corresponds to your MySQL server version for the right syntax to use near '.course_type
            FROM cour1 c
            INNER JOIN users3 u ON c.user_' at line 16
2023-09-29T07:36:12.866Z [31merror[39m: Error getting all courses with user and university data: ER_PARSE_ERROR: You have an error in your SQL syntax; check the manual that corresponds to your MySQL server version for the right syntax to use near 'FROM cour1 c
            INNER JOIN users3 u ON c.user_id = u.id
          
    ' at line 27
2023-09-29T07:36:33.790Z [31merror[39m: Error getting all courses with user and university data: ER_PARSE_ERROR: You have an error in your SQL syntax; check the manual that corresponds to your MySQL server version for the right syntax to use near 'FROM cour1 c
            INNER JOIN users3 u ON c.user_id = u.id
          
    ' at line 27
2023-09-29T07:37:01.827Z [31merror[39m: Error getting all courses with user and university data: ER_PARSE_ERROR: You have an error in your SQL syntax; check the manual that corresponds to your MySQL server version for the right syntax to use near '.id AS user_id,
                u.username,
                u.firstname,
       ' at line 9
2023-09-29T07:39:01.898Z [31merror[39m: Error getting all courses with user and university data: ER_PARSE_ERROR: You have an error in your SQL syntax; check the manual that corresponds to your MySQL server version for the right syntax to use near 'au.university_name,
                au.founded_year,
                au.course_t' at line 21
2023-09-29T07:39:39.600Z [31merror[39m: Error getting all courses with user and university data: ER_PARSE_ERROR: You have an error in your SQL syntax; check the manual that corresponds to your MySQL server version for the right syntax to use near 'FROM cour1 c
            INNER JOIN users3 u ON c.user_id = u.id
          
    ' at line 24
2023-09-29T07:42:44.654Z [31merror[39m: Error getting all courses with user and university data: ER_PARSE_ERROR: You have an error in your SQL syntax; check the manual that corresponds to your MySQL server version for the right syntax to use near '.id AS user_id,
                u.username,
                u.firstname,
       ' at line 9
2023-09-29T08:08:43.437Z [31merror[39m: Error getting all users: ER_PARSE_ERROR: You have an error in your SQL syntax; check the manual that corresponds to your MySQL server version for the right syntax to use near 'all_university where is_deleted = 1' at line 1
2023-09-29T08:09:58.646Z [31merror[39m: Error getting all users: ER_PARSE_ERROR: You have an error in your SQL syntax; check the manual that corresponds to your MySQL server version for the right syntax to use near 'all_university WHERE is_deleted = 1' at line 1
2023-09-29T08:10:06.789Z [31merror[39m: Error getting all users: ER_PARSE_ERROR: You have an error in your SQL syntax; check the manual that corresponds to your MySQL server version for the right syntax to use near 'all_university WHERE is_deleted = 1' at line 1
2023-09-29T08:11:12.980Z [31merror[39m: Error getting all users: ER_PARSE_ERROR: You have an error in your SQL syntax; check the manual that corresponds to your MySQL server version for the right syntax to use near 'all_university WHERE is_deleted = 1' at line 1
2023-09-29T10:28:33.214Z [31merror[39m: Erroe getting BY course By Id: ER_BAD_FIELD_ERROR: Unknown column 'id' in 'where clause'
2023-09-29T10:32:58.745Z [31merror[39m: Erroe getting BY course By Id: ER_PARSE_ERROR: You have an error in your SQL syntax; check the manual that corresponds to your MySQL server version for the right syntax to use near 'AND
        u.id AS user_id, 
        INNER JOIN users3 u ON all_university.user' at line 1
2023-09-29T10:34:15.765Z [31merror[39m: Error getting course by ID: ER_NO_SUCH_TABLE: Table 'immigration_database.users' doesn't exist
2023-09-29T10:36:00.349Z [31merror[39m: Error getting course by ID: ER_NO_SUCH_TABLE: Table 'immigration_database.courses' doesn't exist
2023-09-29T10:36:26.628Z [31merror[39m: Error getting course by ID: ER_BAD_FIELD_ERROR: Unknown column 'u.user_id' in 'field list'
2023-09-29T10:36:53.660Z [31merror[39m: Error getting course by ID: ER_BAD_FIELD_ERROR: Unknown column 'u.user_id' in 'field list'
2023-09-29T10:37:24.799Z [31merror[39m: Error getting course by ID: ER_BAD_DB_ERROR: Unknown database 'u'
2023-09-29T10:43:52.609Z [31merror[39m: Error getting course by ID: ER_NO_SUCH_TABLE: Table 'immigration_database.courses' doesn't exist
2023-09-29T10:52:23.582Z [31merror[39m: Error getting course by ID: ER_PARSE_ERROR: You have an error in your SQL syntax; check the manual that corresponds to your MySQL server version for the right syntax to use near 'FROM cour1 c
            INNER JOIN users3 u ON c.user_id = u.id
            LEF' at line 7
2023-09-29T10:53:11.380Z [31merror[39m: Error getting course by ID: ER_PARSE_ERROR: You have an error in your SQL syntax; check the manual that corresponds to your MySQL server version for the right syntax to use near 'FROM cour1 c
            INNER JOIN users3 u ON c.user_id = u.id,
            LE' at line 7
2023-09-29T10:57:25.673Z [31merror[39m: Error getting course by ID: ER_PARSE_ERROR: You have an error in your SQL syntax; check the manual that corresponds to your MySQL server version for the right syntax to use near '.id AS university_id,
            au.university_name,
            au.founded_yea' at line 3
2023-09-29T10:57:42.455Z [31merror[39m: Error getting course by ID: ER_BAD_FIELD_ERROR: Unknown column 'u.create_date' in 'field list'
2023-09-29T10:58:08.806Z [31merror[39m: Error getting course by ID: ER_BAD_FIELD_ERROR: Unknown column 'u.create_date' in 'field list'
2023-09-29T10:59:37.746Z [31merror[39m: Error getting course by ID: ER_PARSE_ERROR: You have an error in your SQL syntax; check the manual that corresponds to your MySQL server version for the right syntax to use near 'FROM cour1 c
            INNER JOIN users3 u ON c.user_id = u.id
            LEF' at line 11
2023-09-29T11:00:28.694Z [31merror[39m: Error getting course by ID: ER_PARSE_ERROR: You have an error in your SQL syntax; check the manual that corresponds to your MySQL server version for the right syntax to use near 'FROM cour1 c
            INNER JOIN users3 u ON c.user_id = u.id
            LEF' at line 11
2023-09-29T11:01:00.871Z [31merror[39m: Error getting course by ID: ER_PARSE_ERROR: You have an error in your SQL syntax; check the manual that corresponds to your MySQL server version for the right syntax to use near 'FROM cour1 c
            INNER JOIN users3 u ON c.user_id = u.id
            LEF' at line 11
2023-10-10T12:01:31.275Z [31merror[39m: Error getting all courses with user and university data: ER_BAD_FIELD_ERROR: Unknown column 'a.university_id' in 'on clause'
2023-10-10T12:02:30.200Z [31merror[39m: Error getting all courses with user and university data: ER_BAD_FIELD_ERROR: Unknown column 'a.university_id' in 'on clause'
2023-10-10T12:14:20.225Z [31merror[39m: Error getting all courses with user and university data: ER_BAD_FIELD_ERROR: Unknown column 'udf.user_id' in 'field list'
2023-10-10T12:18:05.482Z [31merror[39m: Error getting all courses with user and university data: ER_BAD_FIELD_ERROR: Unknown column 'a.university_id' in 'on clause'
2023-10-10T13:08:01.417Z [31merror[39m: Error getting all courses with user and university data: ER_PARSE_ERROR: You have an error in your SQL syntax; check the manual that corresponds to your MySQL server version for the right syntax to use near '.course_id,
        c.course_name,
        c.course_level
      FROM application' at line 12
2023-10-10T13:08:31.489Z [31merror[39m: Error getting all courses with user and university data: ER_PARSE_ERROR: You have an error in your SQL syntax; check the manual that corresponds to your MySQL server version for the right syntax to use near '.course_id,
        c.course_name,
        c.course_level,
      FROM applicatio' at line 12
2023-10-10T13:09:05.487Z [31merror[39m: Error getting all courses with user and university data: ER_PARSE_ERROR: You have an error in your SQL syntax; check the manual that corresponds to your MySQL server version for the right syntax to use near 'FROM applications a
      INNER JOIN users3 u ON a.user_id = u.id
      LEFT JOI' at line 15
2023-10-10T13:09:24.115Z [31merror[39m: Error getting all courses with user and university data: ER_BAD_FIELD_ERROR: Unknown column 'c.course_id' in 'field list'
2023-10-10T13:15:00.397Z [31merror[39m: Error getting all courses with user and university data: ER_BAD_FIELD_ERROR: Unknown column 'a.university_id' in 'on clause'
2023-10-17T06:15:09.268Z [31merror[39m: Error getting user by ID: ER_BAD_FIELD_ERROR: Unknown column 'a.id' in 'field list'
2023-10-17T11:09:27.686Z [31merror[39m: Error updating university: ER_BAD_FIELD_ERROR: Unknown column 'id' in 'where clause'
2023-10-17T11:10:07.999Z [31merror[39m: Error updating university: ER_BAD_FIELD_ERROR: Unknown column 'id' in 'where clause'
2023-10-17T12:17:32.128Z [31merror[39m: Error getting all courses with user and university data: ER_NO_SUCH_TABLE: Table 'immigration_database.cour1' doesn't exist
2023-10-18T09:22:09.813Z [31merror[39m: Error getting all courses with user and university data: ER_NO_SUCH_TABLE: Table 'immigration_database.users3' doesn't exist
2023-10-18T09:22:46.194Z [31merror[39m: Error getting all courses with user and university data: ER_NO_SUCH_TABLE: Table 'immigration_database.cour1' doesn't exist
2023-10-18T09:23:07.739Z [31merror[39m: Error getting all courses with user and university data: ER_BAD_FIELD_ERROR: Unknown column 'a.firstname' in 'field list'
2023-10-18T09:44:39.486Z [31merror[39m: Error getting all courses with user and university data: ER_BAD_FIELD_ERROR: Unknown column 'udf.file_type' in 'field list'
2023-10-18T09:49:47.767Z [31merror[39m: Error getting all courses with user and university data: ER_PARSE_ERROR: You have an error in your SQL syntax; check the manual that corresponds to your MySQL server version for the right syntax to use near '.id AS user_id,
        u.username,
        au.university_id AS university_id,
 ' at line 4
2023-10-18T10:26:15.098Z [31merror[39m: Error getting all courses with user and university data: ER_BAD_FIELD_ERROR: Unknown column 'udf.application_id' in 'on clause'
2023-10-18T10:37:32.885Z [31merror[39m: Error getting all courses with user and university data: ER_BAD_FIELD_ERROR: Unknown column 'udf.application_id' in 'on clause'
2023-10-18T10:39:39.088Z [31merror[39m: Error getting all courses with user and university data: ER_BAD_FIELD_ERROR: Unknown column 'udf.application_id' in 'on clause'
2023-10-18T10:40:59.006Z [31merror[39m: Error getting all courses with user and university data: ER_BAD_FIELD_ERROR: Unknown column 'udf.application_id' in 'on clause'
2023-10-18T10:51:26.442Z [31merror[39m: Error getting all courses with user and university data: ER_BAD_FIELD_ERROR: Unknown column 'udf.application_id' in 'on clause'
2023-10-18T10:52:12.286Z [31merror[39m: Error getting all courses with user and university data: ER_NO_SUCH_TABLE: Table 'immigration_database.documents' doesn't exist
2023-10-18T12:07:46.155Z [31merror[39m: Error getting all courses with user and university data: ER_PARSE_ERROR: You have an error in your SQL syntax; check the manual that corresponds to your MySQL server version for the right syntax to use near 'd.file_type,
        d.file_path,
        c.course_id AS course_id,
        c.co' at line 9
2023-10-18T12:08:00.970Z [31merror[39m: Error getting all courses with user and university data: ER_PARSE_ERROR: You have an error in your SQL syntax; check the manual that corresponds to your MySQL server version for the right syntax to use near 'd.file_type,
        d.file_path,
        c.course_id AS course_id,
        c.co' at line 9
2023-10-18T12:33:40.646Z [31merror[39m: Error getting all courses with user and university data: ER_PARSE_ERROR: You have an error in your SQL syntax; check the manual that corresponds to your MySQL server version for the right syntax to use near '.file_type,
        d.file_path,
        c.course_id AS course_id,
        c.cou' at line 12
2023-10-19T06:48:52.083Z [31merror[39m: Error getting user applications by user ID: ER_PARSE_ERROR: You have an error in your SQL syntax; check the manual that corresponds to your MySQL server version for the right syntax to use near '// Add a filter condition to match the user's ID' at line 24
2023-10-20T13:11:17.596Z [31merror[39m: Error getting all applications: ER_PARSE_ERROR: You have an error in your SQL syntax; check the manual that corresponds to your MySQL server version for the right syntax to use near '.course_id AS course_id,
          c.course_name,
          c.course_level
     ' at line 14
2023-10-25T08:19:37.801Z [31merror[39m: Error getting application counts by user ID: ER_BAD_FIELD_ERROR: Unknown column 'statuses.count' in 'field list'
2023-10-25T08:20:28.759Z [31merror[39m: Error getting application counts by user ID: ER_BAD_FIELD_ERROR: Unknown column 'statuses.count' in 'field list'
2023-10-25T08:20:30.770Z [31merror[39m: Error getting application counts by user ID: ER_BAD_FIELD_ERROR: Unknown column 'statuses.count' in 'field list'
2023-10-25T10:01:19.915Z [31merror[39m: Error getting all applications: ER_PARSE_ERROR: You have an error in your SQL syntax; check the manual that corresponds to your MySQL server version for the right syntax to use near 'FROM applications_table a
    INNER JOIN user01 u ON a.user_id = u.id
    WHERE ' at line 6
2023-10-25T10:02:24.387Z [31merror[39m: Error getting all applications: ER_PARSE_ERROR: You have an error in your SQL syntax; check the manual that corresponds to your MySQL server version for the right syntax to use near 'FROM applications_table a
    left join user01 u ON a.user_id = u.id
    WHERE u' at line 6
2023-10-25T10:04:03.969Z [31merror[39m: Error getting all applications: ER_PARSE_ERROR: You have an error in your SQL syntax; check the manual that corresponds to your MySQL server version for the right syntax to use near 'FROM applications_table a
    left join user01 u ON a.user_id = u.id
    WHERE u' at line 6
2023-10-25T10:04:16.114Z [31merror[39m: Error getting all applications: ER_PARSE_ERROR: You have an error in your SQL syntax; check the manual that corresponds to your MySQL server version for the right syntax to use near 'FROM applications_table a
    INNER JOIN user01 u ON a.user_id = u.id
    WHERE ' at line 6
2023-10-25T10:04:34.643Z [31merror[39m: Error getting all applications: ER_PARSE_ERROR: You have an error in your SQL syntax; check the manual that corresponds to your MySQL server version for the right syntax to use near 'FROM applications_table a
    INNER JOIN user01 u ON a.user_id = u.id' at line 6
2023-10-27T05:12:59.538Z [31merror[39m: Error getting all user applications: ER_PARSE_ERROR: You have an error in your SQL syntax; check the manual that corresponds to your MySQL server version for the right syntax to use near ''1' OFFSET NaN' at line 26
2023-10-27T05:23:42.220Z [31merror[39m: Error getting user applications: ER_PARSE_ERROR: You have an error in your SQL syntax; check the manual that corresponds to your MySQL server version for the right syntax to use near ''3' OFFSET 0' at line 25
2023-10-27T05:32:15.822Z [31merror[39m: Error getting user applications: ER_PARSE_ERROR: You have an error in your SQL syntax; check the manual that corresponds to your MySQL server version for the right syntax to use near ''20' OFFSET 0' at line 25
2023-10-27T05:41:12.342Z [31merror[39m: Error getting user application by phone number: ER_PARSE_ERROR: You have an error in your SQL syntax; check the manual that corresponds to your MySQL server version for the right syntax to use near 'LIMIT 20 OFFSET 20' at line 27
2023-10-27T05:41:22.020Z [31merror[39m: Error getting user application by phone number: ER_PARSE_ERROR: You have an error in your SQL syntax; check the manual that corresponds to your MySQL server version for the right syntax to use near 'LIMIT 20 OFFSET 20' at line 27
2023-10-27T05:46:37.711Z [31merror[39m: Error getting user applications: ER_PARSE_ERROR: You have an error in your SQL syntax; check the manual that corresponds to your MySQL server version for the right syntax to use near 'NULL OFFSET NaN' at line 25
2023-10-27T05:46:54.878Z [31merror[39m: Error getting user applications: ER_PARSE_ERROR: You have an error in your SQL syntax; check the manual that corresponds to your MySQL server version for the right syntax to use near 'NULL OFFSET NaN' at line 25
2023-10-27T10:34:20.167Z [31merror[39m: Error getting all applications: ER_PARSE_ERROR: You have an error in your SQL syntax; check the manual that corresponds to your MySQL server version for the right syntax to use near '?' at line 24
2023-10-27T10:34:27.047Z [31merror[39m: Error getting all applications: ER_PARSE_ERROR: You have an error in your SQL syntax; check the manual that corresponds to your MySQL server version for the right syntax to use near '?' at line 24
2023-10-27T10:37:41.196Z [31merror[39m: Error getting all applications: ER_NO_SUCH_TABLE: Table 'immigration_database.documents' doesn't exist
2023-10-27T10:41:11.096Z [31merror[39m: Error getting all applications: ER_NO_SUCH_TABLE: Table 'immigration_database.documents' doesn't exist
2023-10-27T10:47:25.362Z [31merror[39m: Error getting all applications: ER_NO_SUCH_TABLE: Table 'immigration_database.documents' doesn't exist
2023-10-27T10:51:35.838Z [31merror[39m: Error getting all applications: ER_NO_SUCH_TABLE: Table 'immigration_database.documents' doesn't exist
2023-10-30T05:07:54.457Z [31merror[39m: Error getting all applications: ER_PARSE_ERROR: You have an error in your SQL syntax; check the manual that corresponds to your MySQL server version for the right syntax to use near ''1' OFFSET '10'' at line 24
2023-10-30T05:09:33.550Z [31merror[39m: Error getting all applications: ER_PARSE_ERROR: You have an error in your SQL syntax; check the manual that corresponds to your MySQL server version for the right syntax to use near ''10' OFFSET 0' at line 24
2023-10-30T05:09:51.726Z [31merror[39m: Error getting all applications: ER_PARSE_ERROR: You have an error in your SQL syntax; check the manual that corresponds to your MySQL server version for the right syntax to use near '='10' OFFSET=0' at line 24
2023-10-30T05:10:02.496Z [31merror[39m: Error getting all applications: ER_PARSE_ERROR: You have an error in your SQL syntax; check the manual that corresponds to your MySQL server version for the right syntax to use near ''10' OFFSET 0' at line 24
2023-10-30T05:10:16.105Z [31merror[39m: Error getting all applications: ER_PARSE_ERROR: You have an error in your SQL syntax; check the manual that corresponds to your MySQL server version for the right syntax to use near ''10' OFFSET 0' at line 24
2023-10-30T05:10:33.975Z [31merror[39m: Error getting all applications: ER_PARSE_ERROR: You have an error in your SQL syntax; check the manual that corresponds to your MySQL server version for the right syntax to use near ''10'' at line 24
2023-10-30T05:12:47.179Z [31merror[39m: Error getting all applications: ER_PARSE_ERROR: You have an error in your SQL syntax; check the manual that corresponds to your MySQL server version for the right syntax to use near ''10'' at line 24
2023-10-30T05:13:11.579Z [31merror[39m: Error getting all applications: ER_PARSE_ERROR: You have an error in your SQL syntax; check the manual that corresponds to your MySQL server version for the right syntax to use near ''10' OFFSET 0' at line 24
2023-10-30T05:14:46.467Z [31merror[39m: Error getting all applications: ER_PARSE_ERROR: You have an error in your SQL syntax; check the manual that corresponds to your MySQL server version for the right syntax to use near ''10' OFFSET 0' at line 24
2023-10-30T05:15:03.926Z [31merror[39m: Error getting all applications: ER_PARSE_ERROR: You have an error in your SQL syntax; check the manual that corresponds to your MySQL server version for the right syntax to use near ''1' OFFSET 9' at line 24
2023-10-30T05:16:35.379Z [31merror[39m: Error getting all applications: ER_PARSE_ERROR: You have an error in your SQL syntax; check the manual that corresponds to your MySQL server version for the right syntax to use near ''10' OFFSET 0' at line 24
2023-10-30T05:18:33.637Z [31merror[39m: Error getting all user applications: ER_PARSE_ERROR: You have an error in your SQL syntax; check the manual that corresponds to your MySQL server version for the right syntax to use near ''1' OFFSET NaN' at line 26
2023-10-30T05:19:24.827Z [31merror[39m: Error getting all user applications: ER_PARSE_ERROR: You have an error in your SQL syntax; check the manual that corresponds to your MySQL server version for the right syntax to use near ''1' OFFSET NaN' at line 26
2023-10-30T05:20:05.635Z [31merror[39m: Error getting all user applications: ER_PARSE_ERROR: You have an error in your SQL syntax; check the manual that corresponds to your MySQL server version for the right syntax to use near ''1' OFFSET NaN' at line 26
2023-10-30T05:20:09.198Z [31merror[39m: Error getting all user applications: ER_PARSE_ERROR: You have an error in your SQL syntax; check the manual that corresponds to your MySQL server version for the right syntax to use near ''1' OFFSET NaN' at line 26
2023-10-30T05:21:35.590Z [31merror[39m: Error getting all user applications: ER_PARSE_ERROR: You have an error in your SQL syntax; check the manual that corresponds to your MySQL server version for the right syntax to use near ''1' OFFSET NaN' at line 26
2023-10-30T05:22:57.396Z [31merror[39m: Error getting all user applications: ER_PARSE_ERROR: You have an error in your SQL syntax; check the manual that corresponds to your MySQL server version for the right syntax to use near ''1' OFFSET NaN' at line 26
2023-10-30T05:23:09.797Z [31merror[39m: Error getting all user applications: ER_PARSE_ERROR: You have an error in your SQL syntax; check the manual that corresponds to your MySQL server version for the right syntax to use near 'LIMIT '1' OFFSET NaN' at line 26
2023-10-30T05:24:04.939Z [31merror[39m: Error getting all user applications: ER_PARSE_ERROR: You have an error in your SQL syntax; check the manual that corresponds to your MySQL server version for the right syntax to use near 'LIMIT NaN OFFSET ?' at line 26
2023-10-30T06:54:31.954Z [31merror[39m: Error getting all user applications: ER_PARSE_ERROR: You have an error in your SQL syntax; check the manual that corresponds to your MySQL server version for the right syntax to use near '// Added last name
      a.student_passport_no,
      a.application_status,
    ' at line 4
